2023-11-06 04:13:40,093:WARNING:
'cuml' is a soft dependency and not included in the pycaret installation. Please run: `pip install cuml` to install.
2023-11-06 04:13:40,093:WARNING:
'cuml' is a soft dependency and not included in the pycaret installation. Please run: `pip install cuml` to install.
2023-11-06 04:13:40,093:WARNING:
'cuml' is a soft dependency and not included in the pycaret installation. Please run: `pip install cuml` to install.
2023-11-06 04:13:40,093:WARNING:
'cuml' is a soft dependency and not included in the pycaret installation. Please run: `pip install cuml` to install.
2023-11-06 04:13:40,569:WARNING:
'prophet' is a soft dependency and not included in the pycaret installation. Please run: `pip install prophet` to install.
2023-11-06 04:21:04,335:INFO:PyCaret RegressionExperiment
2023-11-06 04:21:04,336:INFO:Logging name: reg-default-name
2023-11-06 04:21:04,336:INFO:ML Usecase: MLUsecase.REGRESSION
2023-11-06 04:21:04,336:INFO:version 3.0.2
2023-11-06 04:21:04,336:INFO:Initializing setup()
2023-11-06 04:21:04,336:INFO:self.USI: 473a
2023-11-06 04:21:04,336:INFO:self._variable_keys: {'memory', 'fold_groups_param', 'exp_id', 'pipeline', 'y', 'data', 'USI', 'fold_shuffle_param', '_available_plots', 'X_train', 'exp_name_log', 'seed', 'y_test', 'logging_param', 'target_param', 'y_train', 'transform_target_param', '_ml_usecase', 'gpu_n_jobs_param', 'fold_generator', 'html_param', 'n_jobs_param', 'gpu_param', 'X', 'idx', 'log_plots_param', 'X_test'}
2023-11-06 04:21:04,336:INFO:Checking environment
2023-11-06 04:21:04,336:INFO:python_version: 3.10.12
2023-11-06 04:21:04,336:INFO:python_build: ('main', 'Jun 11 2023 05:26:28')
2023-11-06 04:21:04,336:INFO:machine: x86_64
2023-11-06 04:21:04,336:INFO:platform: Linux-6.2.0-36-generic-x86_64-with-glibc2.35
2023-11-06 04:21:04,336:INFO:Memory: svmem(total=7945068544, available=1697538048, percent=78.6, used=4502679552, free=818925568, active=2464538624, inactive=3571535872, buffers=119361536, cached=2504101888, shared=1427980288, slab=522244096)
2023-11-06 04:21:04,337:INFO:Physical Core: 4
2023-11-06 04:21:04,337:INFO:Logical Core: 8
2023-11-06 04:21:04,337:INFO:Checking libraries
2023-11-06 04:21:04,337:INFO:System:
2023-11-06 04:21:04,337:INFO:    python: 3.10.12 (main, Jun 11 2023, 05:26:28) [GCC 11.4.0]
2023-11-06 04:21:04,337:INFO:executable: /bin/python3
2023-11-06 04:21:04,337:INFO:   machine: Linux-6.2.0-36-generic-x86_64-with-glibc2.35
2023-11-06 04:21:04,337:INFO:PyCaret required dependencies:
2023-11-06 04:21:04,337:INFO:                 pip: 22.0.2
2023-11-06 04:21:04,338:INFO:          setuptools: 59.6.0
2023-11-06 04:21:04,338:INFO:             pycaret: 3.0.2
2023-11-06 04:21:04,338:INFO:             IPython: 7.31.1
2023-11-06 04:21:04,338:INFO:          ipywidgets: 8.0.6
2023-11-06 04:21:04,338:INFO:                tqdm: 4.65.0
2023-11-06 04:21:04,338:INFO:               numpy: 1.21.5
2023-11-06 04:21:04,338:INFO:              pandas: 1.5.3
2023-11-06 04:21:04,338:INFO:              jinja2: 3.1.2
2023-11-06 04:21:04,338:INFO:               scipy: 1.8.0
2023-11-06 04:21:04,338:INFO:              joblib: 1.2.0
2023-11-06 04:21:04,338:INFO:             sklearn: 1.2.2
2023-11-06 04:21:04,338:INFO:                pyod: 1.0.9
2023-11-06 04:21:04,338:INFO:            imblearn: 0.10.1
2023-11-06 04:21:04,338:INFO:   category_encoders: 2.6.1
2023-11-06 04:21:04,338:INFO:            lightgbm: 3.3.5
2023-11-06 04:21:04,338:INFO:               numba: 0.57.0
2023-11-06 04:21:04,338:INFO:            requests: 2.25.1
2023-11-06 04:21:04,338:INFO:          matplotlib: 3.5.1
2023-11-06 04:21:04,338:INFO:          scikitplot: 0.3.7
2023-11-06 04:21:04,338:INFO:         yellowbrick: 1.5
2023-11-06 04:21:04,338:INFO:              plotly: 5.14.1
2023-11-06 04:21:04,338:INFO:             kaleido: 0.2.1
2023-11-06 04:21:04,338:INFO:         statsmodels: 0.14.0
2023-11-06 04:21:04,338:INFO:              sktime: 0.17.0
2023-11-06 04:21:04,338:INFO:               tbats: 1.1.3
2023-11-06 04:21:04,338:INFO:            pmdarima: 2.0.3
2023-11-06 04:21:04,338:INFO:              psutil: 5.9.5
2023-11-06 04:21:04,338:INFO:PyCaret optional dependencies:
2023-11-06 04:21:05,292:INFO:                shap: Not installed
2023-11-06 04:21:05,292:INFO:           interpret: Not installed
2023-11-06 04:21:05,292:INFO:                umap: Not installed
2023-11-06 04:21:05,292:INFO:    pandas_profiling: Not installed
2023-11-06 04:21:05,292:INFO:  explainerdashboard: Not installed
2023-11-06 04:21:05,292:INFO:             autoviz: Not installed
2023-11-06 04:21:05,292:INFO:           fairlearn: Not installed
2023-11-06 04:21:05,292:INFO:             xgboost: 1.7.5
2023-11-06 04:21:05,292:INFO:            catboost: Not installed
2023-11-06 04:21:05,293:INFO:              kmodes: Not installed
2023-11-06 04:21:05,293:INFO:             mlxtend: Not installed
2023-11-06 04:21:05,293:INFO:       statsforecast: Not installed
2023-11-06 04:21:05,293:INFO:        tune_sklearn: Not installed
2023-11-06 04:21:05,293:INFO:                 ray: Not installed
2023-11-06 04:21:05,293:INFO:            hyperopt: Not installed
2023-11-06 04:21:05,293:INFO:              optuna: Not installed
2023-11-06 04:21:05,293:INFO:               skopt: Not installed
2023-11-06 04:21:05,293:INFO:              mlflow: Not installed
2023-11-06 04:21:05,293:INFO:              gradio: 3.34.0
2023-11-06 04:21:05,293:INFO:             fastapi: 0.96.0
2023-11-06 04:21:05,293:INFO:             uvicorn: 0.22.0
2023-11-06 04:21:05,293:INFO:              m2cgen: Not installed
2023-11-06 04:21:05,293:INFO:           evidently: Not installed
2023-11-06 04:21:05,293:INFO:               fugue: Not installed
2023-11-06 04:21:05,293:INFO:           streamlit: 1.23.1
2023-11-06 04:21:05,293:INFO:             prophet: Not installed
2023-11-06 04:21:05,293:INFO:None
2023-11-06 04:21:05,293:INFO:Set up data.
2023-11-06 04:21:05,304:INFO:Set up train/test split.
2023-11-06 04:21:05,309:INFO:Set up index.
2023-11-06 04:21:05,310:INFO:Set up folding strategy.
2023-11-06 04:21:05,310:INFO:Assigning column types.
2023-11-06 04:21:05,313:INFO:Engine successfully changes for model 'lr' to 'sklearn'.
2023-11-06 04:21:05,313:INFO:Engine for model 'lasso' has not been set explicitly, hence returning None.
2023-11-06 04:21:05,317:INFO:Engine for model 'ridge' has not been set explicitly, hence returning None.
2023-11-06 04:21:05,321:INFO:Engine for model 'en' has not been set explicitly, hence returning None.
2023-11-06 04:21:05,366:INFO:Engine for model 'svm' has not been set explicitly, hence returning None.
2023-11-06 04:21:05,399:INFO:Engine for model 'knn' has not been set explicitly, hence returning None.
2023-11-06 04:21:05,399:INFO:Soft dependency imported: xgboost: 1.7.5
2023-11-06 04:21:05,487:WARNING:
'catboost' is a soft dependency and not included in the pycaret installation. Please run: `pip install catboost` to install.
Alternately, you can install this by running `pip install pycaret[models]`
2023-11-06 04:21:05,488:INFO:Engine for model 'lasso' has not been set explicitly, hence returning None.
2023-11-06 04:21:05,491:INFO:Engine for model 'ridge' has not been set explicitly, hence returning None.
2023-11-06 04:21:05,495:INFO:Engine for model 'en' has not been set explicitly, hence returning None.
2023-11-06 04:21:05,544:INFO:Engine for model 'svm' has not been set explicitly, hence returning None.
2023-11-06 04:21:05,590:INFO:Engine for model 'knn' has not been set explicitly, hence returning None.
2023-11-06 04:21:05,591:INFO:Soft dependency imported: xgboost: 1.7.5
2023-11-06 04:21:05,593:WARNING:
'catboost' is a soft dependency and not included in the pycaret installation. Please run: `pip install catboost` to install.
Alternately, you can install this by running `pip install pycaret[models]`
2023-11-06 04:21:05,593:INFO:Engine successfully changes for model 'lasso' to 'sklearn'.
2023-11-06 04:21:05,598:INFO:Engine for model 'ridge' has not been set explicitly, hence returning None.
2023-11-06 04:21:05,602:INFO:Engine for model 'en' has not been set explicitly, hence returning None.
2023-11-06 04:21:05,647:INFO:Engine for model 'svm' has not been set explicitly, hence returning None.
2023-11-06 04:21:05,683:INFO:Engine for model 'knn' has not been set explicitly, hence returning None.
2023-11-06 04:21:05,683:INFO:Soft dependency imported: xgboost: 1.7.5
2023-11-06 04:21:05,685:WARNING:
'catboost' is a soft dependency and not included in the pycaret installation. Please run: `pip install catboost` to install.
Alternately, you can install this by running `pip install pycaret[models]`
2023-11-06 04:21:05,689:INFO:Engine for model 'ridge' has not been set explicitly, hence returning None.
2023-11-06 04:21:05,693:INFO:Engine for model 'en' has not been set explicitly, hence returning None.
2023-11-06 04:21:05,742:INFO:Engine for model 'svm' has not been set explicitly, hence returning None.
2023-11-06 04:21:05,786:INFO:Engine for model 'knn' has not been set explicitly, hence returning None.
2023-11-06 04:21:05,787:INFO:Soft dependency imported: xgboost: 1.7.5
2023-11-06 04:21:05,789:WARNING:
'catboost' is a soft dependency and not included in the pycaret installation. Please run: `pip install catboost` to install.
Alternately, you can install this by running `pip install pycaret[models]`
2023-11-06 04:21:05,789:INFO:Engine successfully changes for model 'ridge' to 'sklearn'.
2023-11-06 04:21:05,796:INFO:Engine for model 'en' has not been set explicitly, hence returning None.
2023-11-06 04:21:05,844:INFO:Engine for model 'svm' has not been set explicitly, hence returning None.
2023-11-06 04:21:05,880:INFO:Engine for model 'knn' has not been set explicitly, hence returning None.
2023-11-06 04:21:05,880:INFO:Soft dependency imported: xgboost: 1.7.5
2023-11-06 04:21:05,884:WARNING:
'catboost' is a soft dependency and not included in the pycaret installation. Please run: `pip install catboost` to install.
Alternately, you can install this by running `pip install pycaret[models]`
2023-11-06 04:21:05,897:INFO:Engine for model 'en' has not been set explicitly, hence returning None.
2023-11-06 04:21:05,948:INFO:Engine for model 'svm' has not been set explicitly, hence returning None.
2023-11-06 04:21:05,992:INFO:Engine for model 'knn' has not been set explicitly, hence returning None.
2023-11-06 04:21:05,993:INFO:Soft dependency imported: xgboost: 1.7.5
2023-11-06 04:21:05,995:WARNING:
'catboost' is a soft dependency and not included in the pycaret installation. Please run: `pip install catboost` to install.
Alternately, you can install this by running `pip install pycaret[models]`
2023-11-06 04:21:05,995:INFO:Engine successfully changes for model 'en' to 'sklearn'.
2023-11-06 04:21:06,054:INFO:Engine for model 'svm' has not been set explicitly, hence returning None.
2023-11-06 04:21:06,096:INFO:Engine for model 'knn' has not been set explicitly, hence returning None.
2023-11-06 04:21:06,097:INFO:Soft dependency imported: xgboost: 1.7.5
2023-11-06 04:21:06,099:WARNING:
'catboost' is a soft dependency and not included in the pycaret installation. Please run: `pip install catboost` to install.
Alternately, you can install this by running `pip install pycaret[models]`
2023-11-06 04:21:06,172:INFO:Engine for model 'svm' has not been set explicitly, hence returning None.
2023-11-06 04:21:06,218:INFO:Engine for model 'knn' has not been set explicitly, hence returning None.
2023-11-06 04:21:06,218:INFO:Soft dependency imported: xgboost: 1.7.5
2023-11-06 04:21:06,221:WARNING:
'catboost' is a soft dependency and not included in the pycaret installation. Please run: `pip install catboost` to install.
Alternately, you can install this by running `pip install pycaret[models]`
2023-11-06 04:21:06,221:INFO:Engine successfully changes for model 'knn' to 'sklearn'.
2023-11-06 04:21:06,285:INFO:Engine for model 'svm' has not been set explicitly, hence returning None.
2023-11-06 04:21:06,339:INFO:Soft dependency imported: xgboost: 1.7.5
2023-11-06 04:21:06,342:WARNING:
'catboost' is a soft dependency and not included in the pycaret installation. Please run: `pip install catboost` to install.
Alternately, you can install this by running `pip install pycaret[models]`
2023-11-06 04:21:06,412:INFO:Engine for model 'svm' has not been set explicitly, hence returning None.
2023-11-06 04:21:06,468:INFO:Soft dependency imported: xgboost: 1.7.5
2023-11-06 04:21:06,471:WARNING:
'catboost' is a soft dependency and not included in the pycaret installation. Please run: `pip install catboost` to install.
Alternately, you can install this by running `pip install pycaret[models]`
2023-11-06 04:21:06,472:INFO:Engine successfully changes for model 'svm' to 'sklearn'.
2023-11-06 04:21:06,592:INFO:Soft dependency imported: xgboost: 1.7.5
2023-11-06 04:21:06,594:WARNING:
'catboost' is a soft dependency and not included in the pycaret installation. Please run: `pip install catboost` to install.
Alternately, you can install this by running `pip install pycaret[models]`
2023-11-06 04:21:06,729:INFO:Soft dependency imported: xgboost: 1.7.5
2023-11-06 04:21:06,732:WARNING:
'catboost' is a soft dependency and not included in the pycaret installation. Please run: `pip install catboost` to install.
Alternately, you can install this by running `pip install pycaret[models]`
2023-11-06 04:21:06,733:INFO:Preparing preprocessing pipeline...
2023-11-06 04:21:06,733:INFO:Set up simple imputation.
2023-11-06 04:21:06,745:INFO:Set up encoding of categorical features.
2023-11-06 04:21:06,937:INFO:Finished creating preprocessing pipeline.
2023-11-06 04:21:06,951:INFO:Pipeline: Pipeline(memory=FastMemory(location=/tmp/joblib),
         steps=[('numerical_imputer',
                 TransformerWrapper(include=['accommodates', 'minimum_nights',
                                             'maximum_nights'],
                                    transformer=SimpleImputer())),
                ('categorical_imputer',
                 TransformerWrapper(include=['neighbourhood', 'property_type',
                                             'room_type'],
                                    transformer=SimpleImputer(strategy='most_frequent'))),
                ('onehot_encoding',
                 TransformerWrapper(include=['neighbourhood', 'room_type'],
                                    transformer=OneHotEncoder(cols=['neighbourhood',
                                                                    'room_type'],
                                                              handle_missing='return_nan',
                                                              use_cat_names=True))),
                ('rest_encoding',
                 TransformerWrapper(include=['property_type'],
                                    transformer=TargetEncoder(cols=['property_type'],
                                                              handle_missing='return_nan')))])
2023-11-06 04:21:06,951:INFO:Creating final display dataframe.
2023-11-06 04:21:07,331:INFO:Setup _display_container:                     Description             Value
0                    Session id              6352
1                        Target             price
2                   Target type        Regression
3           Original data shape        (20030, 7)
4        Transformed data shape       (20030, 30)
5   Transformed train set shape       (14021, 30)
6    Transformed test set shape        (6009, 30)
7              Numeric features                 3
8          Categorical features                 3
9                    Preprocess              True
10              Imputation type            simple
11           Numeric imputation              mean
12       Categorical imputation              mode
13     Maximum one-hot encoding                25
14              Encoding method              None
15               Fold Generator             KFold
16                  Fold Number                10
17                     CPU Jobs                -1
18                      Use GPU             False
19               Log Experiment             False
20              Experiment Name  reg-default-name
21                          USI              473a
2023-11-06 04:21:07,469:INFO:Soft dependency imported: xgboost: 1.7.5
2023-11-06 04:21:07,471:WARNING:
'catboost' is a soft dependency and not included in the pycaret installation. Please run: `pip install catboost` to install.
Alternately, you can install this by running `pip install pycaret[models]`
2023-11-06 04:21:07,587:INFO:Soft dependency imported: xgboost: 1.7.5
2023-11-06 04:21:07,589:WARNING:
'catboost' is a soft dependency and not included in the pycaret installation. Please run: `pip install catboost` to install.
Alternately, you can install this by running `pip install pycaret[models]`
2023-11-06 04:21:07,590:INFO:setup() successfully completed in 3.26s...............
2023-11-06 04:24:55,393:INFO:Initializing compare_models()
2023-11-06 04:24:55,393:INFO:compare_models(self=<pycaret.regression.oop.RegressionExperiment object at 0x7fc5333e33d0>, include=None, fold=None, round=4, cross_validation=True, sort=R2, n_select=1, budget_time=None, turbo=True, errors=ignore, fit_kwargs=None, groups=None, experiment_custom_tags=None, probability_threshold=None, verbose=True, parallel=None, caller_params={'self': <pycaret.regression.oop.RegressionExperiment object at 0x7fc5333e33d0>, 'include': None, 'exclude': None, 'fold': None, 'round': 4, 'cross_validation': True, 'sort': 'R2', 'n_select': 1, 'budget_time': None, 'turbo': True, 'errors': 'ignore', 'fit_kwargs': None, 'groups': None, 'experiment_custom_tags': None, 'engine': None, 'verbose': True, 'parallel': None, '__class__': <class 'pycaret.regression.oop.RegressionExperiment'>}, exclude=None)
2023-11-06 04:24:55,394:INFO:Checking exceptions
2023-11-06 04:24:55,396:INFO:Preparing display monitor
2023-11-06 04:24:55,416:INFO:Initializing Linear Regression
2023-11-06 04:24:55,417:INFO:Total runtime is 2.7219454447428384e-06 minutes
2023-11-06 04:24:55,419:INFO:SubProcess create_model() called ==================================
2023-11-06 04:24:55,420:INFO:Initializing create_model()
2023-11-06 04:24:55,420:INFO:create_model(self=<pycaret.regression.oop.RegressionExperiment object at 0x7fc5333e33d0>, estimator=lr, fold=KFold(n_splits=10, random_state=None, shuffle=False), round=4, cross_validation=True, predict=True, fit_kwargs={}, groups=None, refit=False, probability_threshold=None, experiment_custom_tags=None, verbose=False, system=False, add_to_model_list=True, metrics=None, display=<pycaret.internal.display.display.CommonDisplay object at 0x7fc533357f70>, model_only=True, return_train_score=False, kwargs={})
2023-11-06 04:24:55,420:INFO:Checking exceptions
2023-11-06 04:24:55,420:INFO:Importing libraries
2023-11-06 04:24:55,420:INFO:Copying training dataset
2023-11-06 04:24:55,425:INFO:Defining folds
2023-11-06 04:24:55,425:INFO:Declaring metric variables
2023-11-06 04:24:55,427:INFO:Importing untrained model
2023-11-06 04:24:55,431:INFO:Linear Regression Imported successfully
2023-11-06 04:24:55,438:INFO:Starting cross validation
2023-11-06 04:24:55,446:INFO:Cross validating with KFold(n_splits=10, random_state=None, shuffle=False), n_jobs=-1
2023-11-06 04:25:01,694:INFO:Calculating mean and std
2023-11-06 04:25:01,702:INFO:Creating metrics dataframe
2023-11-06 04:25:01,710:INFO:Uploading results into container
2023-11-06 04:25:01,711:INFO:Uploading model into container now
2023-11-06 04:25:01,712:INFO:_master_model_container: 1
2023-11-06 04:25:01,712:INFO:_display_container: 2
2023-11-06 04:25:01,712:INFO:LinearRegression(n_jobs=-1)
2023-11-06 04:25:01,712:INFO:create_model() successfully completed......................................
2023-11-06 04:25:01,886:INFO:SubProcess create_model() end ==================================
2023-11-06 04:25:01,886:INFO:Creating metrics dataframe
2023-11-06 04:25:01,897:INFO:Initializing Lasso Regression
2023-11-06 04:25:01,897:INFO:Total runtime is 0.10800910393397013 minutes
2023-11-06 04:25:01,901:INFO:SubProcess create_model() called ==================================
2023-11-06 04:25:01,902:INFO:Initializing create_model()
2023-11-06 04:25:01,902:INFO:create_model(self=<pycaret.regression.oop.RegressionExperiment object at 0x7fc5333e33d0>, estimator=lasso, fold=KFold(n_splits=10, random_state=None, shuffle=False), round=4, cross_validation=True, predict=True, fit_kwargs={}, groups=None, refit=False, probability_threshold=None, experiment_custom_tags=None, verbose=False, system=False, add_to_model_list=True, metrics=None, display=<pycaret.internal.display.display.CommonDisplay object at 0x7fc533357f70>, model_only=True, return_train_score=False, kwargs={})
2023-11-06 04:25:01,902:INFO:Checking exceptions
2023-11-06 04:25:01,902:INFO:Importing libraries
2023-11-06 04:25:01,902:INFO:Copying training dataset
2023-11-06 04:25:01,912:INFO:Defining folds
2023-11-06 04:25:01,912:INFO:Declaring metric variables
2023-11-06 04:25:01,918:INFO:Importing untrained model
2023-11-06 04:25:01,925:INFO:Lasso Regression Imported successfully
2023-11-06 04:25:01,937:INFO:Starting cross validation
2023-11-06 04:25:01,940:INFO:Cross validating with KFold(n_splits=10, random_state=None, shuffle=False), n_jobs=-1
2023-11-06 04:25:02,921:INFO:Calculating mean and std
2023-11-06 04:25:02,922:INFO:Creating metrics dataframe
2023-11-06 04:25:02,932:INFO:Uploading results into container
2023-11-06 04:25:02,934:INFO:Uploading model into container now
2023-11-06 04:25:02,934:INFO:_master_model_container: 2
2023-11-06 04:25:02,934:INFO:_display_container: 2
2023-11-06 04:25:02,935:INFO:Lasso(random_state=6352)
2023-11-06 04:25:02,935:INFO:create_model() successfully completed......................................
2023-11-06 04:25:03,096:INFO:SubProcess create_model() end ==================================
2023-11-06 04:25:03,096:INFO:Creating metrics dataframe
2023-11-06 04:25:03,113:INFO:Initializing Ridge Regression
2023-11-06 04:25:03,113:INFO:Total runtime is 0.12828038930892943 minutes
2023-11-06 04:25:03,117:INFO:SubProcess create_model() called ==================================
2023-11-06 04:25:03,118:INFO:Initializing create_model()
2023-11-06 04:25:03,118:INFO:create_model(self=<pycaret.regression.oop.RegressionExperiment object at 0x7fc5333e33d0>, estimator=ridge, fold=KFold(n_splits=10, random_state=None, shuffle=False), round=4, cross_validation=True, predict=True, fit_kwargs={}, groups=None, refit=False, probability_threshold=None, experiment_custom_tags=None, verbose=False, system=False, add_to_model_list=True, metrics=None, display=<pycaret.internal.display.display.CommonDisplay object at 0x7fc533357f70>, model_only=True, return_train_score=False, kwargs={})
2023-11-06 04:25:03,118:INFO:Checking exceptions
2023-11-06 04:25:03,118:INFO:Importing libraries
2023-11-06 04:25:03,118:INFO:Copying training dataset
2023-11-06 04:25:03,129:INFO:Defining folds
2023-11-06 04:25:03,129:INFO:Declaring metric variables
2023-11-06 04:25:03,134:INFO:Importing untrained model
2023-11-06 04:25:03,139:INFO:Ridge Regression Imported successfully
2023-11-06 04:25:03,153:INFO:Starting cross validation
2023-11-06 04:25:03,154:INFO:Cross validating with KFold(n_splits=10, random_state=None, shuffle=False), n_jobs=-1
2023-11-06 04:25:04,089:INFO:Calculating mean and std
2023-11-06 04:25:04,091:INFO:Creating metrics dataframe
2023-11-06 04:25:04,101:INFO:Uploading results into container
2023-11-06 04:25:04,102:INFO:Uploading model into container now
2023-11-06 04:25:04,103:INFO:_master_model_container: 3
2023-11-06 04:25:04,103:INFO:_display_container: 2
2023-11-06 04:25:04,104:INFO:Ridge(random_state=6352)
2023-11-06 04:25:04,104:INFO:create_model() successfully completed......................................
2023-11-06 04:25:04,245:INFO:SubProcess create_model() end ==================================
2023-11-06 04:25:04,246:INFO:Creating metrics dataframe
2023-11-06 04:25:04,262:INFO:Initializing Elastic Net
2023-11-06 04:25:04,263:INFO:Total runtime is 0.14743552207946775 minutes
2023-11-06 04:25:04,268:INFO:SubProcess create_model() called ==================================
2023-11-06 04:25:04,269:INFO:Initializing create_model()
2023-11-06 04:25:04,269:INFO:create_model(self=<pycaret.regression.oop.RegressionExperiment object at 0x7fc5333e33d0>, estimator=en, fold=KFold(n_splits=10, random_state=None, shuffle=False), round=4, cross_validation=True, predict=True, fit_kwargs={}, groups=None, refit=False, probability_threshold=None, experiment_custom_tags=None, verbose=False, system=False, add_to_model_list=True, metrics=None, display=<pycaret.internal.display.display.CommonDisplay object at 0x7fc533357f70>, model_only=True, return_train_score=False, kwargs={})
2023-11-06 04:25:04,269:INFO:Checking exceptions
2023-11-06 04:25:04,269:INFO:Importing libraries
2023-11-06 04:25:04,270:INFO:Copying training dataset
2023-11-06 04:25:04,282:INFO:Defining folds
2023-11-06 04:25:04,282:INFO:Declaring metric variables
2023-11-06 04:25:04,288:INFO:Importing untrained model
2023-11-06 04:25:04,295:INFO:Elastic Net Imported successfully
2023-11-06 04:25:04,304:INFO:Starting cross validation
2023-11-06 04:25:04,305:INFO:Cross validating with KFold(n_splits=10, random_state=None, shuffle=False), n_jobs=-1
2023-11-06 04:25:05,237:INFO:Calculating mean and std
2023-11-06 04:25:05,238:INFO:Creating metrics dataframe
2023-11-06 04:25:05,249:INFO:Uploading results into container
2023-11-06 04:25:05,250:INFO:Uploading model into container now
2023-11-06 04:25:05,250:INFO:_master_model_container: 4
2023-11-06 04:25:05,250:INFO:_display_container: 2
2023-11-06 04:25:05,251:INFO:ElasticNet(random_state=6352)
2023-11-06 04:25:05,251:INFO:create_model() successfully completed......................................
2023-11-06 04:25:05,381:INFO:SubProcess create_model() end ==================================
2023-11-06 04:25:05,381:INFO:Creating metrics dataframe
2023-11-06 04:25:05,392:INFO:Initializing Least Angle Regression
2023-11-06 04:25:05,392:INFO:Total runtime is 0.1662646691004435 minutes
2023-11-06 04:25:05,396:INFO:SubProcess create_model() called ==================================
2023-11-06 04:25:05,397:INFO:Initializing create_model()
2023-11-06 04:25:05,397:INFO:create_model(self=<pycaret.regression.oop.RegressionExperiment object at 0x7fc5333e33d0>, estimator=lar, fold=KFold(n_splits=10, random_state=None, shuffle=False), round=4, cross_validation=True, predict=True, fit_kwargs={}, groups=None, refit=False, probability_threshold=None, experiment_custom_tags=None, verbose=False, system=False, add_to_model_list=True, metrics=None, display=<pycaret.internal.display.display.CommonDisplay object at 0x7fc533357f70>, model_only=True, return_train_score=False, kwargs={})
2023-11-06 04:25:05,397:INFO:Checking exceptions
2023-11-06 04:25:05,397:INFO:Importing libraries
2023-11-06 04:25:05,397:INFO:Copying training dataset
2023-11-06 04:25:05,404:INFO:Defining folds
2023-11-06 04:25:05,405:INFO:Declaring metric variables
2023-11-06 04:25:05,410:INFO:Importing untrained model
2023-11-06 04:25:05,415:INFO:Least Angle Regression Imported successfully
2023-11-06 04:25:05,424:INFO:Starting cross validation
2023-11-06 04:25:05,426:INFO:Cross validating with KFold(n_splits=10, random_state=None, shuffle=False), n_jobs=-1
2023-11-06 04:25:06,312:INFO:Calculating mean and std
2023-11-06 04:25:06,314:INFO:Creating metrics dataframe
2023-11-06 04:25:06,328:INFO:Uploading results into container
2023-11-06 04:25:06,329:INFO:Uploading model into container now
2023-11-06 04:25:06,329:INFO:_master_model_container: 5
2023-11-06 04:25:06,329:INFO:_display_container: 2
2023-11-06 04:25:06,330:INFO:Lars(random_state=6352)
2023-11-06 04:25:06,330:INFO:create_model() successfully completed......................................
2023-11-06 04:25:06,466:INFO:SubProcess create_model() end ==================================
2023-11-06 04:25:06,466:INFO:Creating metrics dataframe
2023-11-06 04:25:06,484:INFO:Initializing Lasso Least Angle Regression
2023-11-06 04:25:06,484:INFO:Total runtime is 0.18445891936620074 minutes
2023-11-06 04:25:06,490:INFO:SubProcess create_model() called ==================================
2023-11-06 04:25:06,491:INFO:Initializing create_model()
2023-11-06 04:25:06,491:INFO:create_model(self=<pycaret.regression.oop.RegressionExperiment object at 0x7fc5333e33d0>, estimator=llar, fold=KFold(n_splits=10, random_state=None, shuffle=False), round=4, cross_validation=True, predict=True, fit_kwargs={}, groups=None, refit=False, probability_threshold=None, experiment_custom_tags=None, verbose=False, system=False, add_to_model_list=True, metrics=None, display=<pycaret.internal.display.display.CommonDisplay object at 0x7fc533357f70>, model_only=True, return_train_score=False, kwargs={})
2023-11-06 04:25:06,491:INFO:Checking exceptions
2023-11-06 04:25:06,491:INFO:Importing libraries
2023-11-06 04:25:06,491:INFO:Copying training dataset
2023-11-06 04:25:06,505:INFO:Defining folds
2023-11-06 04:25:06,506:INFO:Declaring metric variables
2023-11-06 04:25:06,514:INFO:Importing untrained model
2023-11-06 04:25:06,522:INFO:Lasso Least Angle Regression Imported successfully
2023-11-06 04:25:06,533:INFO:Starting cross validation
2023-11-06 04:25:06,536:INFO:Cross validating with KFold(n_splits=10, random_state=None, shuffle=False), n_jobs=-1
2023-11-06 04:25:07,444:INFO:Calculating mean and std
2023-11-06 04:25:07,446:INFO:Creating metrics dataframe
2023-11-06 04:25:07,460:INFO:Uploading results into container
2023-11-06 04:25:07,461:INFO:Uploading model into container now
2023-11-06 04:25:07,461:INFO:_master_model_container: 6
2023-11-06 04:25:07,462:INFO:_display_container: 2
2023-11-06 04:25:07,462:INFO:LassoLars(random_state=6352)
2023-11-06 04:25:07,462:INFO:create_model() successfully completed......................................
2023-11-06 04:25:07,596:INFO:SubProcess create_model() end ==================================
2023-11-06 04:25:07,596:INFO:Creating metrics dataframe
2023-11-06 04:25:07,611:INFO:Initializing Orthogonal Matching Pursuit
2023-11-06 04:25:07,611:INFO:Total runtime is 0.20324121713638302 minutes
2023-11-06 04:25:07,614:INFO:SubProcess create_model() called ==================================
2023-11-06 04:25:07,615:INFO:Initializing create_model()
2023-11-06 04:25:07,615:INFO:create_model(self=<pycaret.regression.oop.RegressionExperiment object at 0x7fc5333e33d0>, estimator=omp, fold=KFold(n_splits=10, random_state=None, shuffle=False), round=4, cross_validation=True, predict=True, fit_kwargs={}, groups=None, refit=False, probability_threshold=None, experiment_custom_tags=None, verbose=False, system=False, add_to_model_list=True, metrics=None, display=<pycaret.internal.display.display.CommonDisplay object at 0x7fc533357f70>, model_only=True, return_train_score=False, kwargs={})
2023-11-06 04:25:07,615:INFO:Checking exceptions
2023-11-06 04:25:07,615:INFO:Importing libraries
2023-11-06 04:25:07,615:INFO:Copying training dataset
2023-11-06 04:25:07,623:INFO:Defining folds
2023-11-06 04:25:07,623:INFO:Declaring metric variables
2023-11-06 04:25:07,628:INFO:Importing untrained model
2023-11-06 04:25:07,632:INFO:Orthogonal Matching Pursuit Imported successfully
2023-11-06 04:25:07,644:INFO:Starting cross validation
2023-11-06 04:25:07,646:INFO:Cross validating with KFold(n_splits=10, random_state=None, shuffle=False), n_jobs=-1
2023-11-06 04:25:08,541:INFO:Calculating mean and std
2023-11-06 04:25:08,543:INFO:Creating metrics dataframe
2023-11-06 04:25:08,556:INFO:Uploading results into container
2023-11-06 04:25:08,556:INFO:Uploading model into container now
2023-11-06 04:25:08,557:INFO:_master_model_container: 7
2023-11-06 04:25:08,557:INFO:_display_container: 2
2023-11-06 04:25:08,557:INFO:OrthogonalMatchingPursuit()
2023-11-06 04:25:08,557:INFO:create_model() successfully completed......................................
2023-11-06 04:25:08,704:INFO:SubProcess create_model() end ==================================
2023-11-06 04:25:08,704:INFO:Creating metrics dataframe
2023-11-06 04:25:08,720:INFO:Initializing Bayesian Ridge
2023-11-06 04:25:08,721:INFO:Total runtime is 0.2217378973960876 minutes
2023-11-06 04:25:08,725:INFO:SubProcess create_model() called ==================================
2023-11-06 04:25:08,725:INFO:Initializing create_model()
2023-11-06 04:25:08,726:INFO:create_model(self=<pycaret.regression.oop.RegressionExperiment object at 0x7fc5333e33d0>, estimator=br, fold=KFold(n_splits=10, random_state=None, shuffle=False), round=4, cross_validation=True, predict=True, fit_kwargs={}, groups=None, refit=False, probability_threshold=None, experiment_custom_tags=None, verbose=False, system=False, add_to_model_list=True, metrics=None, display=<pycaret.internal.display.display.CommonDisplay object at 0x7fc533357f70>, model_only=True, return_train_score=False, kwargs={})
2023-11-06 04:25:08,726:INFO:Checking exceptions
2023-11-06 04:25:08,726:INFO:Importing libraries
2023-11-06 04:25:08,726:INFO:Copying training dataset
2023-11-06 04:25:08,735:INFO:Defining folds
2023-11-06 04:25:08,736:INFO:Declaring metric variables
2023-11-06 04:25:08,742:INFO:Importing untrained model
2023-11-06 04:25:08,748:INFO:Bayesian Ridge Imported successfully
2023-11-06 04:25:08,762:INFO:Starting cross validation
2023-11-06 04:25:08,765:INFO:Cross validating with KFold(n_splits=10, random_state=None, shuffle=False), n_jobs=-1
2023-11-06 04:25:09,636:INFO:Calculating mean and std
2023-11-06 04:25:09,638:INFO:Creating metrics dataframe
2023-11-06 04:25:09,652:INFO:Uploading results into container
2023-11-06 04:25:09,653:INFO:Uploading model into container now
2023-11-06 04:25:09,653:INFO:_master_model_container: 8
2023-11-06 04:25:09,653:INFO:_display_container: 2
2023-11-06 04:25:09,654:INFO:BayesianRidge()
2023-11-06 04:25:09,654:INFO:create_model() successfully completed......................................
2023-11-06 04:25:09,808:INFO:SubProcess create_model() end ==================================
2023-11-06 04:25:09,808:INFO:Creating metrics dataframe
2023-11-06 04:25:09,827:INFO:Initializing Passive Aggressive Regressor
2023-11-06 04:25:09,827:INFO:Total runtime is 0.24018448988596594 minutes
2023-11-06 04:25:09,833:INFO:SubProcess create_model() called ==================================
2023-11-06 04:25:09,834:INFO:Initializing create_model()
2023-11-06 04:25:09,834:INFO:create_model(self=<pycaret.regression.oop.RegressionExperiment object at 0x7fc5333e33d0>, estimator=par, fold=KFold(n_splits=10, random_state=None, shuffle=False), round=4, cross_validation=True, predict=True, fit_kwargs={}, groups=None, refit=False, probability_threshold=None, experiment_custom_tags=None, verbose=False, system=False, add_to_model_list=True, metrics=None, display=<pycaret.internal.display.display.CommonDisplay object at 0x7fc533357f70>, model_only=True, return_train_score=False, kwargs={})
2023-11-06 04:25:09,834:INFO:Checking exceptions
2023-11-06 04:25:09,834:INFO:Importing libraries
2023-11-06 04:25:09,834:INFO:Copying training dataset
2023-11-06 04:25:09,845:INFO:Defining folds
2023-11-06 04:25:09,845:INFO:Declaring metric variables
2023-11-06 04:25:09,850:INFO:Importing untrained model
2023-11-06 04:25:09,860:INFO:Passive Aggressive Regressor Imported successfully
2023-11-06 04:25:09,873:INFO:Starting cross validation
2023-11-06 04:25:09,875:INFO:Cross validating with KFold(n_splits=10, random_state=None, shuffle=False), n_jobs=-1
2023-11-06 04:25:10,781:INFO:Calculating mean and std
2023-11-06 04:25:10,783:INFO:Creating metrics dataframe
2023-11-06 04:25:10,798:INFO:Uploading results into container
2023-11-06 04:25:10,800:INFO:Uploading model into container now
2023-11-06 04:25:10,800:INFO:_master_model_container: 9
2023-11-06 04:25:10,800:INFO:_display_container: 2
2023-11-06 04:25:10,801:INFO:PassiveAggressiveRegressor(random_state=6352)
2023-11-06 04:25:10,801:INFO:create_model() successfully completed......................................
2023-11-06 04:25:10,947:INFO:SubProcess create_model() end ==================================
2023-11-06 04:25:10,948:INFO:Creating metrics dataframe
2023-11-06 04:25:10,965:INFO:Initializing Huber Regressor
2023-11-06 04:25:10,965:INFO:Total runtime is 0.25914062658945713 minutes
2023-11-06 04:25:10,970:INFO:SubProcess create_model() called ==================================
2023-11-06 04:25:10,971:INFO:Initializing create_model()
2023-11-06 04:25:10,971:INFO:create_model(self=<pycaret.regression.oop.RegressionExperiment object at 0x7fc5333e33d0>, estimator=huber, fold=KFold(n_splits=10, random_state=None, shuffle=False), round=4, cross_validation=True, predict=True, fit_kwargs={}, groups=None, refit=False, probability_threshold=None, experiment_custom_tags=None, verbose=False, system=False, add_to_model_list=True, metrics=None, display=<pycaret.internal.display.display.CommonDisplay object at 0x7fc533357f70>, model_only=True, return_train_score=False, kwargs={})
2023-11-06 04:25:10,971:INFO:Checking exceptions
2023-11-06 04:25:10,971:INFO:Importing libraries
2023-11-06 04:25:10,971:INFO:Copying training dataset
2023-11-06 04:25:10,981:INFO:Defining folds
2023-11-06 04:25:10,981:INFO:Declaring metric variables
2023-11-06 04:25:10,987:INFO:Importing untrained model
2023-11-06 04:25:10,992:INFO:Huber Regressor Imported successfully
2023-11-06 04:25:11,002:INFO:Starting cross validation
2023-11-06 04:25:11,004:INFO:Cross validating with KFold(n_splits=10, random_state=None, shuffle=False), n_jobs=-1
2023-11-06 04:25:12,442:WARNING:/home/deme/.local/lib/python3.10/site-packages/sklearn/linear_model/_huber.py:342: ConvergenceWarning: lbfgs failed to converge (status=1):
STOP: TOTAL NO. of ITERATIONS REACHED LIMIT.

Increase the number of iterations (max_iter) or scale the data as shown in:
    https://scikit-learn.org/stable/modules/preprocessing.html
  self.n_iter_ = _check_optimize_result("lbfgs", opt_res, self.max_iter)

2023-11-06 04:25:12,508:WARNING:/home/deme/.local/lib/python3.10/site-packages/sklearn/linear_model/_huber.py:342: ConvergenceWarning: lbfgs failed to converge (status=1):
STOP: TOTAL NO. of ITERATIONS REACHED LIMIT.

Increase the number of iterations (max_iter) or scale the data as shown in:
    https://scikit-learn.org/stable/modules/preprocessing.html
  self.n_iter_ = _check_optimize_result("lbfgs", opt_res, self.max_iter)

2023-11-06 04:25:12,553:WARNING:/home/deme/.local/lib/python3.10/site-packages/sklearn/linear_model/_huber.py:342: ConvergenceWarning: lbfgs failed to converge (status=1):
STOP: TOTAL NO. of ITERATIONS REACHED LIMIT.

Increase the number of iterations (max_iter) or scale the data as shown in:
    https://scikit-learn.org/stable/modules/preprocessing.html
  self.n_iter_ = _check_optimize_result("lbfgs", opt_res, self.max_iter)

2023-11-06 04:25:12,690:WARNING:/home/deme/.local/lib/python3.10/site-packages/sklearn/linear_model/_huber.py:342: ConvergenceWarning: lbfgs failed to converge (status=1):
STOP: TOTAL NO. of ITERATIONS REACHED LIMIT.

Increase the number of iterations (max_iter) or scale the data as shown in:
    https://scikit-learn.org/stable/modules/preprocessing.html
  self.n_iter_ = _check_optimize_result("lbfgs", opt_res, self.max_iter)

2023-11-06 04:25:12,759:WARNING:/home/deme/.local/lib/python3.10/site-packages/sklearn/linear_model/_huber.py:342: ConvergenceWarning: lbfgs failed to converge (status=1):
STOP: TOTAL NO. of ITERATIONS REACHED LIMIT.

Increase the number of iterations (max_iter) or scale the data as shown in:
    https://scikit-learn.org/stable/modules/preprocessing.html
  self.n_iter_ = _check_optimize_result("lbfgs", opt_res, self.max_iter)

2023-11-06 04:25:12,845:WARNING:/home/deme/.local/lib/python3.10/site-packages/sklearn/linear_model/_huber.py:342: ConvergenceWarning: lbfgs failed to converge (status=1):
STOP: TOTAL NO. of ITERATIONS REACHED LIMIT.

Increase the number of iterations (max_iter) or scale the data as shown in:
    https://scikit-learn.org/stable/modules/preprocessing.html
  self.n_iter_ = _check_optimize_result("lbfgs", opt_res, self.max_iter)

2023-11-06 04:25:12,883:WARNING:/home/deme/.local/lib/python3.10/site-packages/sklearn/linear_model/_huber.py:342: ConvergenceWarning: lbfgs failed to converge (status=1):
STOP: TOTAL NO. of ITERATIONS REACHED LIMIT.

Increase the number of iterations (max_iter) or scale the data as shown in:
    https://scikit-learn.org/stable/modules/preprocessing.html
  self.n_iter_ = _check_optimize_result("lbfgs", opt_res, self.max_iter)

2023-11-06 04:25:12,884:WARNING:/home/deme/.local/lib/python3.10/site-packages/sklearn/linear_model/_huber.py:342: ConvergenceWarning: lbfgs failed to converge (status=1):
STOP: TOTAL NO. of ITERATIONS REACHED LIMIT.

Increase the number of iterations (max_iter) or scale the data as shown in:
    https://scikit-learn.org/stable/modules/preprocessing.html
  self.n_iter_ = _check_optimize_result("lbfgs", opt_res, self.max_iter)

2023-11-06 04:25:13,516:WARNING:/home/deme/.local/lib/python3.10/site-packages/sklearn/linear_model/_huber.py:342: ConvergenceWarning: lbfgs failed to converge (status=1):
STOP: TOTAL NO. of ITERATIONS REACHED LIMIT.

Increase the number of iterations (max_iter) or scale the data as shown in:
    https://scikit-learn.org/stable/modules/preprocessing.html
  self.n_iter_ = _check_optimize_result("lbfgs", opt_res, self.max_iter)

2023-11-06 04:25:13,558:WARNING:/home/deme/.local/lib/python3.10/site-packages/sklearn/linear_model/_huber.py:342: ConvergenceWarning: lbfgs failed to converge (status=1):
STOP: TOTAL NO. of ITERATIONS REACHED LIMIT.

Increase the number of iterations (max_iter) or scale the data as shown in:
    https://scikit-learn.org/stable/modules/preprocessing.html
  self.n_iter_ = _check_optimize_result("lbfgs", opt_res, self.max_iter)

2023-11-06 04:25:13,662:INFO:Calculating mean and std
2023-11-06 04:25:13,663:INFO:Creating metrics dataframe
2023-11-06 04:25:13,680:INFO:Uploading results into container
2023-11-06 04:25:13,683:INFO:Uploading model into container now
2023-11-06 04:25:13,683:INFO:_master_model_container: 10
2023-11-06 04:25:13,683:INFO:_display_container: 2
2023-11-06 04:25:13,684:INFO:HuberRegressor()
2023-11-06 04:25:13,684:INFO:create_model() successfully completed......................................
2023-11-06 04:25:13,811:INFO:SubProcess create_model() end ==================================
2023-11-06 04:25:13,811:INFO:Creating metrics dataframe
2023-11-06 04:25:13,824:INFO:Initializing K Neighbors Regressor
2023-11-06 04:25:13,824:INFO:Total runtime is 0.3067959070205688 minutes
2023-11-06 04:25:13,828:INFO:SubProcess create_model() called ==================================
2023-11-06 04:25:13,829:INFO:Initializing create_model()
2023-11-06 04:25:13,829:INFO:create_model(self=<pycaret.regression.oop.RegressionExperiment object at 0x7fc5333e33d0>, estimator=knn, fold=KFold(n_splits=10, random_state=None, shuffle=False), round=4, cross_validation=True, predict=True, fit_kwargs={}, groups=None, refit=False, probability_threshold=None, experiment_custom_tags=None, verbose=False, system=False, add_to_model_list=True, metrics=None, display=<pycaret.internal.display.display.CommonDisplay object at 0x7fc533357f70>, model_only=True, return_train_score=False, kwargs={})
2023-11-06 04:25:13,829:INFO:Checking exceptions
2023-11-06 04:25:13,829:INFO:Importing libraries
2023-11-06 04:25:13,829:INFO:Copying training dataset
2023-11-06 04:25:13,837:INFO:Defining folds
2023-11-06 04:25:13,837:INFO:Declaring metric variables
2023-11-06 04:25:13,843:INFO:Importing untrained model
2023-11-06 04:25:13,848:INFO:K Neighbors Regressor Imported successfully
2023-11-06 04:25:13,857:INFO:Starting cross validation
2023-11-06 04:25:13,859:INFO:Cross validating with KFold(n_splits=10, random_state=None, shuffle=False), n_jobs=-1
2023-11-06 04:25:14,951:INFO:Calculating mean and std
2023-11-06 04:25:14,953:INFO:Creating metrics dataframe
2023-11-06 04:25:14,970:INFO:Uploading results into container
2023-11-06 04:25:14,971:INFO:Uploading model into container now
2023-11-06 04:25:14,972:INFO:_master_model_container: 11
2023-11-06 04:25:14,972:INFO:_display_container: 2
2023-11-06 04:25:14,973:INFO:KNeighborsRegressor(n_jobs=-1)
2023-11-06 04:25:14,973:INFO:create_model() successfully completed......................................
2023-11-06 04:25:15,102:INFO:SubProcess create_model() end ==================================
2023-11-06 04:25:15,102:INFO:Creating metrics dataframe
2023-11-06 04:25:15,117:INFO:Initializing Decision Tree Regressor
2023-11-06 04:25:15,117:INFO:Total runtime is 0.3283390641212463 minutes
2023-11-06 04:25:15,121:INFO:SubProcess create_model() called ==================================
2023-11-06 04:25:15,122:INFO:Initializing create_model()
2023-11-06 04:25:15,122:INFO:create_model(self=<pycaret.regression.oop.RegressionExperiment object at 0x7fc5333e33d0>, estimator=dt, fold=KFold(n_splits=10, random_state=None, shuffle=False), round=4, cross_validation=True, predict=True, fit_kwargs={}, groups=None, refit=False, probability_threshold=None, experiment_custom_tags=None, verbose=False, system=False, add_to_model_list=True, metrics=None, display=<pycaret.internal.display.display.CommonDisplay object at 0x7fc533357f70>, model_only=True, return_train_score=False, kwargs={})
2023-11-06 04:25:15,122:INFO:Checking exceptions
2023-11-06 04:25:15,122:INFO:Importing libraries
2023-11-06 04:25:15,122:INFO:Copying training dataset
2023-11-06 04:25:15,131:INFO:Defining folds
2023-11-06 04:25:15,131:INFO:Declaring metric variables
2023-11-06 04:25:15,136:INFO:Importing untrained model
2023-11-06 04:25:15,141:INFO:Decision Tree Regressor Imported successfully
2023-11-06 04:25:15,153:INFO:Starting cross validation
2023-11-06 04:25:15,156:INFO:Cross validating with KFold(n_splits=10, random_state=None, shuffle=False), n_jobs=-1
2023-11-06 04:25:16,061:INFO:Calculating mean and std
2023-11-06 04:25:16,062:INFO:Creating metrics dataframe
2023-11-06 04:25:16,084:INFO:Uploading results into container
2023-11-06 04:25:16,085:INFO:Uploading model into container now
2023-11-06 04:25:16,086:INFO:_master_model_container: 12
2023-11-06 04:25:16,086:INFO:_display_container: 2
2023-11-06 04:25:16,086:INFO:DecisionTreeRegressor(random_state=6352)
2023-11-06 04:25:16,086:INFO:create_model() successfully completed......................................
2023-11-06 04:25:16,221:INFO:SubProcess create_model() end ==================================
2023-11-06 04:25:16,221:INFO:Creating metrics dataframe
2023-11-06 04:25:16,235:INFO:Initializing Random Forest Regressor
2023-11-06 04:25:16,235:INFO:Total runtime is 0.34698072671890257 minutes
2023-11-06 04:25:16,238:INFO:SubProcess create_model() called ==================================
2023-11-06 04:25:16,239:INFO:Initializing create_model()
2023-11-06 04:25:16,239:INFO:create_model(self=<pycaret.regression.oop.RegressionExperiment object at 0x7fc5333e33d0>, estimator=rf, fold=KFold(n_splits=10, random_state=None, shuffle=False), round=4, cross_validation=True, predict=True, fit_kwargs={}, groups=None, refit=False, probability_threshold=None, experiment_custom_tags=None, verbose=False, system=False, add_to_model_list=True, metrics=None, display=<pycaret.internal.display.display.CommonDisplay object at 0x7fc533357f70>, model_only=True, return_train_score=False, kwargs={})
2023-11-06 04:25:16,239:INFO:Checking exceptions
2023-11-06 04:25:16,239:INFO:Importing libraries
2023-11-06 04:25:16,239:INFO:Copying training dataset
2023-11-06 04:25:16,247:INFO:Defining folds
2023-11-06 04:25:16,247:INFO:Declaring metric variables
2023-11-06 04:25:16,251:INFO:Importing untrained model
2023-11-06 04:25:16,256:INFO:Random Forest Regressor Imported successfully
2023-11-06 04:25:16,268:INFO:Starting cross validation
2023-11-06 04:25:16,284:INFO:Cross validating with KFold(n_splits=10, random_state=None, shuffle=False), n_jobs=-1
2023-11-06 04:25:23,260:WARNING:/home/deme/.local/lib/python3.10/site-packages/pycaret/internal/pipeline.py:310: UserWarning: Persisting input arguments took 0.70s to run.
If this happens often in your code, it can cause performance problems 
(results will be correct in all cases). 
The reason for this is probably some large input arguments for a wrapped
 function (e.g. large strings).
THIS IS A JOBLIB ISSUE. If you can, kindly provide the joblib's team with an
 example so that they can fix the problem.
  X, _ = self._memory_full_transform(self, X, None, with_final=False)

2023-11-06 04:25:26,549:INFO:Calculating mean and std
2023-11-06 04:25:26,561:INFO:Creating metrics dataframe
2023-11-06 04:25:26,581:INFO:Uploading results into container
2023-11-06 04:25:26,582:INFO:Uploading model into container now
2023-11-06 04:25:26,583:INFO:_master_model_container: 13
2023-11-06 04:25:26,583:INFO:_display_container: 2
2023-11-06 04:25:26,583:INFO:RandomForestRegressor(n_jobs=-1, random_state=6352)
2023-11-06 04:25:26,584:INFO:create_model() successfully completed......................................
2023-11-06 04:25:26,761:INFO:SubProcess create_model() end ==================================
2023-11-06 04:25:26,761:INFO:Creating metrics dataframe
2023-11-06 04:25:26,777:INFO:Initializing Extra Trees Regressor
2023-11-06 04:25:26,777:INFO:Total runtime is 0.5226807157198587 minutes
2023-11-06 04:25:26,781:INFO:SubProcess create_model() called ==================================
2023-11-06 04:25:26,781:INFO:Initializing create_model()
2023-11-06 04:25:26,782:INFO:create_model(self=<pycaret.regression.oop.RegressionExperiment object at 0x7fc5333e33d0>, estimator=et, fold=KFold(n_splits=10, random_state=None, shuffle=False), round=4, cross_validation=True, predict=True, fit_kwargs={}, groups=None, refit=False, probability_threshold=None, experiment_custom_tags=None, verbose=False, system=False, add_to_model_list=True, metrics=None, display=<pycaret.internal.display.display.CommonDisplay object at 0x7fc533357f70>, model_only=True, return_train_score=False, kwargs={})
2023-11-06 04:25:26,782:INFO:Checking exceptions
2023-11-06 04:25:26,782:INFO:Importing libraries
2023-11-06 04:25:26,782:INFO:Copying training dataset
2023-11-06 04:25:26,790:INFO:Defining folds
2023-11-06 04:25:26,791:INFO:Declaring metric variables
2023-11-06 04:25:26,794:INFO:Importing untrained model
2023-11-06 04:25:26,801:INFO:Extra Trees Regressor Imported successfully
2023-11-06 04:25:26,810:INFO:Starting cross validation
2023-11-06 04:25:26,812:INFO:Cross validating with KFold(n_splits=10, random_state=None, shuffle=False), n_jobs=-1
2023-11-06 04:25:33,660:WARNING:/home/deme/.local/lib/python3.10/site-packages/pycaret/internal/pipeline.py:260: UserWarning: Persisting input arguments took 0.64s to run.
If this happens often in your code, it can cause performance problems 
(results will be correct in all cases). 
The reason for this is probably some large input arguments for a wrapped
 function (e.g. large strings).
THIS IS A JOBLIB ISSUE. If you can, kindly provide the joblib's team with an
 example so that they can fix the problem.
  fitted_estimator = self._memory_fit(

2023-11-06 04:25:34,560:WARNING:/home/deme/.local/lib/python3.10/site-packages/pycaret/internal/pipeline.py:260: UserWarning: Persisting input arguments took 0.75s to run.
If this happens often in your code, it can cause performance problems 
(results will be correct in all cases). 
The reason for this is probably some large input arguments for a wrapped
 function (e.g. large strings).
THIS IS A JOBLIB ISSUE. If you can, kindly provide the joblib's team with an
 example so that they can fix the problem.
  fitted_estimator = self._memory_fit(

2023-11-06 04:25:36,878:INFO:Calculating mean and std
2023-11-06 04:25:36,885:INFO:Creating metrics dataframe
2023-11-06 04:25:36,910:INFO:Uploading results into container
2023-11-06 04:25:36,911:INFO:Uploading model into container now
2023-11-06 04:25:36,911:INFO:_master_model_container: 14
2023-11-06 04:25:36,911:INFO:_display_container: 2
2023-11-06 04:25:36,912:INFO:ExtraTreesRegressor(n_jobs=-1, random_state=6352)
2023-11-06 04:25:36,912:INFO:create_model() successfully completed......................................
2023-11-06 04:25:37,115:INFO:SubProcess create_model() end ==================================
2023-11-06 04:25:37,116:INFO:Creating metrics dataframe
2023-11-06 04:25:37,130:INFO:Initializing AdaBoost Regressor
2023-11-06 04:25:37,131:INFO:Total runtime is 0.6952360749244689 minutes
2023-11-06 04:25:37,134:INFO:SubProcess create_model() called ==================================
2023-11-06 04:25:37,135:INFO:Initializing create_model()
2023-11-06 04:25:37,135:INFO:create_model(self=<pycaret.regression.oop.RegressionExperiment object at 0x7fc5333e33d0>, estimator=ada, fold=KFold(n_splits=10, random_state=None, shuffle=False), round=4, cross_validation=True, predict=True, fit_kwargs={}, groups=None, refit=False, probability_threshold=None, experiment_custom_tags=None, verbose=False, system=False, add_to_model_list=True, metrics=None, display=<pycaret.internal.display.display.CommonDisplay object at 0x7fc533357f70>, model_only=True, return_train_score=False, kwargs={})
2023-11-06 04:25:37,135:INFO:Checking exceptions
2023-11-06 04:25:37,135:INFO:Importing libraries
2023-11-06 04:25:37,136:INFO:Copying training dataset
2023-11-06 04:25:37,143:INFO:Defining folds
2023-11-06 04:25:37,144:INFO:Declaring metric variables
2023-11-06 04:25:37,147:INFO:Importing untrained model
2023-11-06 04:25:37,151:INFO:AdaBoost Regressor Imported successfully
2023-11-06 04:25:37,160:INFO:Starting cross validation
2023-11-06 04:25:37,162:INFO:Cross validating with KFold(n_splits=10, random_state=None, shuffle=False), n_jobs=-1
2023-11-06 04:25:38,602:INFO:Calculating mean and std
2023-11-06 04:25:38,603:INFO:Creating metrics dataframe
2023-11-06 04:25:38,641:INFO:Uploading results into container
2023-11-06 04:25:38,642:INFO:Uploading model into container now
2023-11-06 04:25:38,643:INFO:_master_model_container: 15
2023-11-06 04:25:38,643:INFO:_display_container: 2
2023-11-06 04:25:38,643:INFO:AdaBoostRegressor(random_state=6352)
2023-11-06 04:25:38,644:INFO:create_model() successfully completed......................................
2023-11-06 04:25:38,783:INFO:SubProcess create_model() end ==================================
2023-11-06 04:25:38,783:INFO:Creating metrics dataframe
2023-11-06 04:25:38,798:INFO:Initializing Gradient Boosting Regressor
2023-11-06 04:25:38,798:INFO:Total runtime is 0.723021666208903 minutes
2023-11-06 04:25:38,804:INFO:SubProcess create_model() called ==================================
2023-11-06 04:25:38,804:INFO:Initializing create_model()
2023-11-06 04:25:38,805:INFO:create_model(self=<pycaret.regression.oop.RegressionExperiment object at 0x7fc5333e33d0>, estimator=gbr, fold=KFold(n_splits=10, random_state=None, shuffle=False), round=4, cross_validation=True, predict=True, fit_kwargs={}, groups=None, refit=False, probability_threshold=None, experiment_custom_tags=None, verbose=False, system=False, add_to_model_list=True, metrics=None, display=<pycaret.internal.display.display.CommonDisplay object at 0x7fc533357f70>, model_only=True, return_train_score=False, kwargs={})
2023-11-06 04:25:38,805:INFO:Checking exceptions
2023-11-06 04:25:38,805:INFO:Importing libraries
2023-11-06 04:25:38,805:INFO:Copying training dataset
2023-11-06 04:25:38,818:INFO:Defining folds
2023-11-06 04:25:38,819:INFO:Declaring metric variables
2023-11-06 04:25:38,827:INFO:Importing untrained model
2023-11-06 04:25:38,831:INFO:Gradient Boosting Regressor Imported successfully
2023-11-06 04:25:38,843:INFO:Starting cross validation
2023-11-06 04:25:38,846:INFO:Cross validating with KFold(n_splits=10, random_state=None, shuffle=False), n_jobs=-1
2023-11-06 04:25:42,520:INFO:Calculating mean and std
2023-11-06 04:25:42,521:INFO:Creating metrics dataframe
2023-11-06 04:25:42,553:INFO:Uploading results into container
2023-11-06 04:25:42,554:INFO:Uploading model into container now
2023-11-06 04:25:42,555:INFO:_master_model_container: 16
2023-11-06 04:25:42,555:INFO:_display_container: 2
2023-11-06 04:25:42,555:INFO:GradientBoostingRegressor(random_state=6352)
2023-11-06 04:25:42,555:INFO:create_model() successfully completed......................................
2023-11-06 04:25:42,682:INFO:SubProcess create_model() end ==================================
2023-11-06 04:25:42,682:INFO:Creating metrics dataframe
2023-11-06 04:25:42,697:INFO:Initializing Extreme Gradient Boosting
2023-11-06 04:25:42,698:INFO:Total runtime is 0.7880205035209655 minutes
2023-11-06 04:25:42,702:INFO:SubProcess create_model() called ==================================
2023-11-06 04:25:42,703:INFO:Initializing create_model()
2023-11-06 04:25:42,703:INFO:create_model(self=<pycaret.regression.oop.RegressionExperiment object at 0x7fc5333e33d0>, estimator=xgboost, fold=KFold(n_splits=10, random_state=None, shuffle=False), round=4, cross_validation=True, predict=True, fit_kwargs={}, groups=None, refit=False, probability_threshold=None, experiment_custom_tags=None, verbose=False, system=False, add_to_model_list=True, metrics=None, display=<pycaret.internal.display.display.CommonDisplay object at 0x7fc533357f70>, model_only=True, return_train_score=False, kwargs={})
2023-11-06 04:25:42,703:INFO:Checking exceptions
2023-11-06 04:25:42,703:INFO:Importing libraries
2023-11-06 04:25:42,703:INFO:Copying training dataset
2023-11-06 04:25:42,710:INFO:Defining folds
2023-11-06 04:25:42,711:INFO:Declaring metric variables
2023-11-06 04:25:42,714:INFO:Importing untrained model
2023-11-06 04:25:42,721:INFO:Extreme Gradient Boosting Imported successfully
2023-11-06 04:25:42,732:INFO:Starting cross validation
2023-11-06 04:25:42,734:INFO:Cross validating with KFold(n_splits=10, random_state=None, shuffle=False), n_jobs=-1
2023-11-06 04:25:49,304:INFO:Calculating mean and std
2023-11-06 04:25:49,306:INFO:Creating metrics dataframe
2023-11-06 04:25:49,339:INFO:Uploading results into container
2023-11-06 04:25:49,340:INFO:Uploading model into container now
2023-11-06 04:25:49,341:INFO:_master_model_container: 17
2023-11-06 04:25:49,341:INFO:_display_container: 2
2023-11-06 04:25:49,342:INFO:XGBRegressor(base_score=None, booster='gbtree', callbacks=None,
             colsample_bylevel=None, colsample_bynode=None,
             colsample_bytree=None, early_stopping_rounds=None,
             enable_categorical=False, eval_metric=None, feature_types=None,
             gamma=None, gpu_id=None, grow_policy=None, importance_type=None,
             interaction_constraints=None, learning_rate=None, max_bin=None,
             max_cat_threshold=None, max_cat_to_onehot=None,
             max_delta_step=None, max_depth=None, max_leaves=None,
             min_child_weight=None, missing=nan, monotone_constraints=None,
             n_estimators=100, n_jobs=-1, num_parallel_tree=None,
             predictor=None, random_state=6352, ...)
2023-11-06 04:25:49,342:INFO:create_model() successfully completed......................................
2023-11-06 04:25:49,469:INFO:SubProcess create_model() end ==================================
2023-11-06 04:25:49,469:INFO:Creating metrics dataframe
2023-11-06 04:25:49,487:INFO:Initializing Light Gradient Boosting Machine
2023-11-06 04:25:49,487:INFO:Total runtime is 0.9011815508206685 minutes
2023-11-06 04:25:49,492:INFO:SubProcess create_model() called ==================================
2023-11-06 04:25:49,492:INFO:Initializing create_model()
2023-11-06 04:25:49,492:INFO:create_model(self=<pycaret.regression.oop.RegressionExperiment object at 0x7fc5333e33d0>, estimator=lightgbm, fold=KFold(n_splits=10, random_state=None, shuffle=False), round=4, cross_validation=True, predict=True, fit_kwargs={}, groups=None, refit=False, probability_threshold=None, experiment_custom_tags=None, verbose=False, system=False, add_to_model_list=True, metrics=None, display=<pycaret.internal.display.display.CommonDisplay object at 0x7fc533357f70>, model_only=True, return_train_score=False, kwargs={})
2023-11-06 04:25:49,492:INFO:Checking exceptions
2023-11-06 04:25:49,492:INFO:Importing libraries
2023-11-06 04:25:49,492:INFO:Copying training dataset
2023-11-06 04:25:49,499:INFO:Defining folds
2023-11-06 04:25:49,500:INFO:Declaring metric variables
2023-11-06 04:25:49,506:INFO:Importing untrained model
2023-11-06 04:25:49,511:INFO:Light Gradient Boosting Machine Imported successfully
2023-11-06 04:25:49,522:INFO:Starting cross validation
2023-11-06 04:25:49,524:INFO:Cross validating with KFold(n_splits=10, random_state=None, shuffle=False), n_jobs=-1
2023-11-06 04:25:51,069:INFO:Calculating mean and std
2023-11-06 04:25:51,070:INFO:Creating metrics dataframe
2023-11-06 04:25:51,106:INFO:Uploading results into container
2023-11-06 04:25:51,107:INFO:Uploading model into container now
2023-11-06 04:25:51,107:INFO:_master_model_container: 18
2023-11-06 04:25:51,107:INFO:_display_container: 2
2023-11-06 04:25:51,107:INFO:LGBMRegressor(random_state=6352)
2023-11-06 04:25:51,108:INFO:create_model() successfully completed......................................
2023-11-06 04:25:51,237:INFO:SubProcess create_model() end ==================================
2023-11-06 04:25:51,237:INFO:Creating metrics dataframe
2023-11-06 04:25:51,252:INFO:Initializing Dummy Regressor
2023-11-06 04:25:51,252:INFO:Total runtime is 0.9305893580118815 minutes
2023-11-06 04:25:51,255:INFO:SubProcess create_model() called ==================================
2023-11-06 04:25:51,256:INFO:Initializing create_model()
2023-11-06 04:25:51,256:INFO:create_model(self=<pycaret.regression.oop.RegressionExperiment object at 0x7fc5333e33d0>, estimator=dummy, fold=KFold(n_splits=10, random_state=None, shuffle=False), round=4, cross_validation=True, predict=True, fit_kwargs={}, groups=None, refit=False, probability_threshold=None, experiment_custom_tags=None, verbose=False, system=False, add_to_model_list=True, metrics=None, display=<pycaret.internal.display.display.CommonDisplay object at 0x7fc533357f70>, model_only=True, return_train_score=False, kwargs={})
2023-11-06 04:25:51,256:INFO:Checking exceptions
2023-11-06 04:25:51,256:INFO:Importing libraries
2023-11-06 04:25:51,256:INFO:Copying training dataset
2023-11-06 04:25:51,264:INFO:Defining folds
2023-11-06 04:25:51,264:INFO:Declaring metric variables
2023-11-06 04:25:51,268:INFO:Importing untrained model
2023-11-06 04:25:51,274:INFO:Dummy Regressor Imported successfully
2023-11-06 04:25:51,283:INFO:Starting cross validation
2023-11-06 04:25:51,286:INFO:Cross validating with KFold(n_splits=10, random_state=None, shuffle=False), n_jobs=-1
2023-11-06 04:25:52,167:INFO:Calculating mean and std
2023-11-06 04:25:52,168:INFO:Creating metrics dataframe
2023-11-06 04:25:52,204:INFO:Uploading results into container
2023-11-06 04:25:52,205:INFO:Uploading model into container now
2023-11-06 04:25:52,206:INFO:_master_model_container: 19
2023-11-06 04:25:52,206:INFO:_display_container: 2
2023-11-06 04:25:52,206:INFO:DummyRegressor()
2023-11-06 04:25:52,206:INFO:create_model() successfully completed......................................
2023-11-06 04:25:52,330:INFO:SubProcess create_model() end ==================================
2023-11-06 04:25:52,330:INFO:Creating metrics dataframe
2023-11-06 04:25:52,358:INFO:Initializing create_model()
2023-11-06 04:25:52,359:INFO:create_model(self=<pycaret.regression.oop.RegressionExperiment object at 0x7fc5333e33d0>, estimator=LinearRegression(n_jobs=-1), fold=KFold(n_splits=10, random_state=None, shuffle=False), round=4, cross_validation=False, predict=False, fit_kwargs={}, groups=None, refit=True, probability_threshold=None, experiment_custom_tags=None, verbose=False, system=False, add_to_model_list=True, metrics=None, display=None, model_only=True, return_train_score=False, kwargs={})
2023-11-06 04:25:52,359:INFO:Checking exceptions
2023-11-06 04:25:52,363:INFO:Importing libraries
2023-11-06 04:25:52,363:INFO:Copying training dataset
2023-11-06 04:25:52,372:INFO:Defining folds
2023-11-06 04:25:52,373:INFO:Declaring metric variables
2023-11-06 04:25:52,373:INFO:Importing untrained model
2023-11-06 04:25:52,373:INFO:Declaring custom model
2023-11-06 04:25:52,373:INFO:Linear Regression Imported successfully
2023-11-06 04:25:52,375:INFO:Cross validation set to False
2023-11-06 04:25:52,375:INFO:Fitting Model
2023-11-06 04:25:52,633:INFO:LinearRegression(n_jobs=-1)
2023-11-06 04:25:52,634:INFO:create_model() successfully completed......................................
2023-11-06 04:25:52,831:INFO:_master_model_container: 19
2023-11-06 04:25:52,831:INFO:_display_container: 2
2023-11-06 04:25:52,832:INFO:LinearRegression(n_jobs=-1)
2023-11-06 04:25:52,832:INFO:compare_models() successfully completed......................................
2023-11-06 04:29:27,667:INFO:Initializing create_model()
2023-11-06 04:29:27,668:INFO:create_model(self=<pycaret.regression.oop.RegressionExperiment object at 0x7fc5333e33d0>, estimator=ridge, fold=None, round=4, cross_validation=True, predict=True, fit_kwargs=None, groups=None, refit=True, probability_threshold=None, experiment_custom_tags=None, verbose=True, system=True, add_to_model_list=True, metrics=None, display=None, model_only=True, return_train_score=False, kwargs={})
2023-11-06 04:29:27,668:INFO:Checking exceptions
2023-11-06 04:29:27,704:INFO:Importing libraries
2023-11-06 04:29:27,705:INFO:Copying training dataset
2023-11-06 04:29:27,721:INFO:Defining folds
2023-11-06 04:29:27,721:INFO:Declaring metric variables
2023-11-06 04:29:27,725:INFO:Importing untrained model
2023-11-06 04:29:27,731:INFO:Ridge Regression Imported successfully
2023-11-06 04:29:27,742:INFO:Starting cross validation
2023-11-06 04:29:27,744:INFO:Cross validating with KFold(n_splits=10, random_state=None, shuffle=False), n_jobs=-1
2023-11-06 04:29:28,452:INFO:Calculating mean and std
2023-11-06 04:29:28,452:INFO:Creating metrics dataframe
2023-11-06 04:29:28,458:INFO:Finalizing model
2023-11-06 04:29:28,674:INFO:Uploading results into container
2023-11-06 04:29:28,675:INFO:Uploading model into container now
2023-11-06 04:29:28,695:INFO:_master_model_container: 20
2023-11-06 04:29:28,695:INFO:_display_container: 3
2023-11-06 04:29:28,696:INFO:Ridge(random_state=6352)
2023-11-06 04:29:28,696:INFO:create_model() successfully completed......................................
2023-11-06 04:31:36,768:INFO:Initializing tune_model()
2023-11-06 04:31:36,769:INFO:tune_model(estimator=ridge, fold=None, round=4, n_iter=10, custom_grid=None, optimize=R2, custom_scorer=None, search_library=scikit-learn, search_algorithm=None, early_stopping=False, early_stopping_max_iters=10, choose_better=True, fit_kwargs=None, groups=None, return_tuner=False, verbose=True, tuner_verbose=True, return_train_score=False, kwargs={}, self=<pycaret.regression.oop.RegressionExperiment object at 0x7fc5333e33d0>)
2023-11-06 04:31:36,769:INFO:Checking exceptions
2023-11-06 04:32:35,155:INFO:Initializing tune_model()
2023-11-06 04:32:35,156:INFO:tune_model(estimator=Ridge(random_state=6352), fold=None, round=4, n_iter=10, custom_grid=None, optimize=R2, custom_scorer=None, search_library=scikit-learn, search_algorithm=None, early_stopping=False, early_stopping_max_iters=10, choose_better=True, fit_kwargs=None, groups=None, return_tuner=False, verbose=True, tuner_verbose=True, return_train_score=False, kwargs={}, self=<pycaret.regression.oop.RegressionExperiment object at 0x7fc5333e33d0>)
2023-11-06 04:32:35,156:INFO:Checking exceptions
2023-11-06 04:32:35,228:INFO:Copying training dataset
2023-11-06 04:32:35,234:INFO:Checking base model
2023-11-06 04:32:35,234:INFO:Base model : Ridge Regression
2023-11-06 04:32:35,239:INFO:Declaring metric variables
2023-11-06 04:32:35,244:INFO:Defining Hyperparameters
2023-11-06 04:32:35,473:INFO:Tuning with n_jobs=-1
2023-11-06 04:32:35,473:INFO:Initializing RandomizedSearchCV
2023-11-06 04:32:42,171:INFO:best_params: {'actual_estimator__fit_intercept': True, 'actual_estimator__alpha': 9.57}
2023-11-06 04:32:42,172:INFO:Hyperparameter search completed
2023-11-06 04:32:42,172:INFO:SubProcess create_model() called ==================================
2023-11-06 04:32:42,173:INFO:Initializing create_model()
2023-11-06 04:32:42,173:INFO:create_model(self=<pycaret.regression.oop.RegressionExperiment object at 0x7fc5333e33d0>, estimator=Ridge(random_state=6352), fold=KFold(n_splits=10, random_state=None, shuffle=False), round=4, cross_validation=True, predict=True, fit_kwargs={}, groups=None, refit=True, probability_threshold=None, experiment_custom_tags=None, verbose=True, system=False, add_to_model_list=True, metrics=None, display=<pycaret.internal.display.display.CommonDisplay object at 0x7fc53321c820>, model_only=True, return_train_score=False, kwargs={'fit_intercept': True, 'alpha': 9.57})
2023-11-06 04:32:42,173:INFO:Checking exceptions
2023-11-06 04:32:42,173:INFO:Importing libraries
2023-11-06 04:32:42,174:INFO:Copying training dataset
2023-11-06 04:32:42,185:INFO:Defining folds
2023-11-06 04:32:42,186:INFO:Declaring metric variables
2023-11-06 04:32:42,190:INFO:Importing untrained model
2023-11-06 04:32:42,190:INFO:Declaring custom model
2023-11-06 04:32:42,196:INFO:Ridge Regression Imported successfully
2023-11-06 04:32:42,208:INFO:Starting cross validation
2023-11-06 04:32:42,211:INFO:Cross validating with KFold(n_splits=10, random_state=None, shuffle=False), n_jobs=-1
2023-11-06 04:32:42,891:INFO:Calculating mean and std
2023-11-06 04:32:42,892:INFO:Creating metrics dataframe
2023-11-06 04:32:42,900:INFO:Finalizing model
2023-11-06 04:32:43,152:INFO:Uploading results into container
2023-11-06 04:32:43,154:INFO:Uploading model into container now
2023-11-06 04:32:43,156:INFO:_master_model_container: 21
2023-11-06 04:32:43,156:INFO:_display_container: 4
2023-11-06 04:32:43,157:INFO:Ridge(alpha=9.57, random_state=6352)
2023-11-06 04:32:43,157:INFO:create_model() successfully completed......................................
2023-11-06 04:32:43,354:INFO:SubProcess create_model() end ==================================
2023-11-06 04:32:43,354:INFO:choose_better activated
2023-11-06 04:32:43,360:INFO:SubProcess create_model() called ==================================
2023-11-06 04:32:43,360:INFO:Initializing create_model()
2023-11-06 04:32:43,360:INFO:create_model(self=<pycaret.regression.oop.RegressionExperiment object at 0x7fc5333e33d0>, estimator=Ridge(random_state=6352), fold=KFold(n_splits=10, random_state=None, shuffle=False), round=4, cross_validation=True, predict=True, fit_kwargs={}, groups=None, refit=True, probability_threshold=None, experiment_custom_tags=None, verbose=False, system=False, add_to_model_list=True, metrics=None, display=None, model_only=True, return_train_score=False, kwargs={})
2023-11-06 04:32:43,361:INFO:Checking exceptions
2023-11-06 04:32:43,363:INFO:Importing libraries
2023-11-06 04:32:43,363:INFO:Copying training dataset
2023-11-06 04:32:43,376:INFO:Defining folds
2023-11-06 04:32:43,376:INFO:Declaring metric variables
2023-11-06 04:32:43,376:INFO:Importing untrained model
2023-11-06 04:32:43,376:INFO:Declaring custom model
2023-11-06 04:32:43,377:INFO:Ridge Regression Imported successfully
2023-11-06 04:32:43,377:INFO:Starting cross validation
2023-11-06 04:32:43,380:INFO:Cross validating with KFold(n_splits=10, random_state=None, shuffle=False), n_jobs=-1
2023-11-06 04:32:44,014:INFO:Calculating mean and std
2023-11-06 04:32:44,015:INFO:Creating metrics dataframe
2023-11-06 04:32:44,019:INFO:Finalizing model
2023-11-06 04:32:44,279:INFO:Uploading results into container
2023-11-06 04:32:44,280:INFO:Uploading model into container now
2023-11-06 04:32:44,281:INFO:_master_model_container: 22
2023-11-06 04:32:44,281:INFO:_display_container: 5
2023-11-06 04:32:44,282:INFO:Ridge(random_state=6352)
2023-11-06 04:32:44,282:INFO:create_model() successfully completed......................................
2023-11-06 04:32:44,478:INFO:SubProcess create_model() end ==================================
2023-11-06 04:32:44,479:INFO:Ridge(random_state=6352) result for R2 is 0.2129
2023-11-06 04:32:44,480:INFO:Ridge(alpha=9.57, random_state=6352) result for R2 is 0.213
2023-11-06 04:32:44,480:INFO:Ridge(alpha=9.57, random_state=6352) is best model
2023-11-06 04:32:44,480:INFO:choose_better completed
2023-11-06 04:32:44,495:INFO:_master_model_container: 22
2023-11-06 04:32:44,496:INFO:_display_container: 4
2023-11-06 04:32:44,496:INFO:Ridge(alpha=9.57, random_state=6352)
2023-11-06 04:32:44,496:INFO:tune_model() successfully completed......................................
2023-11-06 04:35:13,659:INFO:Initializing evaluate_model()
2023-11-06 04:35:13,660:INFO:evaluate_model(self=<pycaret.regression.oop.RegressionExperiment object at 0x7fc5333e33d0>, estimator=Ridge(alpha=9.57, random_state=6352), fold=None, fit_kwargs=None, plot_kwargs=None, feature_name=None, groups=None, use_train_data=False)
2023-11-06 04:35:13,695:INFO:Initializing plot_model()
2023-11-06 04:35:13,696:INFO:plot_model(plot=pipeline, fold=KFold(n_splits=10, random_state=None, shuffle=False), use_train_data=False, verbose=False, display=None, display_format=None, estimator=Ridge(alpha=9.57, random_state=6352), feature_name=None, fit_kwargs={}, groups=None, label=False, plot_kwargs=None, save=False, scale=1, self=<pycaret.regression.oop.RegressionExperiment object at 0x7fc5333e33d0>, system=True)
2023-11-06 04:35:13,696:INFO:Checking exceptions
2023-11-06 04:35:13,700:INFO:Preloading libraries
2023-11-06 04:35:13,716:INFO:Copying training dataset
2023-11-06 04:35:13,717:INFO:Plot type: pipeline
2023-11-06 04:35:13,865:INFO:Visual Rendered Successfully
2023-11-06 04:35:14,043:INFO:plot_model() successfully completed......................................
2023-11-06 04:35:41,071:INFO:Initializing plot_model()
2023-11-06 04:35:41,072:INFO:plot_model(plot=parameter, fold=KFold(n_splits=10, random_state=None, shuffle=False), use_train_data=False, verbose=False, display=None, display_format=None, estimator=Ridge(alpha=9.57, random_state=6352), feature_name=None, fit_kwargs={}, groups=None, label=False, plot_kwargs=None, save=False, scale=1, self=<pycaret.regression.oop.RegressionExperiment object at 0x7fc5333e33d0>, system=True)
2023-11-06 04:35:41,072:INFO:Checking exceptions
2023-11-06 04:35:41,075:INFO:Preloading libraries
2023-11-06 04:35:41,076:INFO:Copying training dataset
2023-11-06 04:35:41,076:INFO:Plot type: parameter
2023-11-06 04:35:41,086:INFO:Visual Rendered Successfully
2023-11-06 04:35:41,232:INFO:plot_model() successfully completed......................................
2023-11-06 04:35:49,919:INFO:Initializing plot_model()
2023-11-06 04:35:49,920:INFO:plot_model(plot=residuals, fold=KFold(n_splits=10, random_state=None, shuffle=False), use_train_data=False, verbose=False, display=None, display_format=None, estimator=Ridge(alpha=9.57, random_state=6352), feature_name=None, fit_kwargs={}, groups=None, label=False, plot_kwargs=None, save=False, scale=1, self=<pycaret.regression.oop.RegressionExperiment object at 0x7fc5333e33d0>, system=True)
2023-11-06 04:35:49,920:INFO:Checking exceptions
2023-11-06 04:35:49,924:INFO:Preloading libraries
2023-11-06 04:35:49,924:INFO:Copying training dataset
2023-11-06 04:35:49,925:INFO:Plot type: residuals
2023-11-06 04:35:50,313:INFO:Fitting Model
2023-11-06 04:35:50,319:WARNING:/home/deme/.local/lib/python3.10/site-packages/sklearn/base.py:439: UserWarning: X does not have valid feature names, but Ridge was fitted with feature names
  warnings.warn(

2023-11-06 04:35:50,425:INFO:Scoring test/hold-out set
2023-11-06 04:35:51,081:INFO:Visual Rendered Successfully
2023-11-06 04:35:51,238:INFO:plot_model() successfully completed......................................
2023-11-06 04:35:56,763:INFO:Initializing plot_model()
2023-11-06 04:35:56,763:INFO:plot_model(plot=error, fold=KFold(n_splits=10, random_state=None, shuffle=False), use_train_data=False, verbose=False, display=None, display_format=None, estimator=Ridge(alpha=9.57, random_state=6352), feature_name=None, fit_kwargs={}, groups=None, label=False, plot_kwargs=None, save=False, scale=1, self=<pycaret.regression.oop.RegressionExperiment object at 0x7fc5333e33d0>, system=True)
2023-11-06 04:35:56,763:INFO:Checking exceptions
2023-11-06 04:35:56,766:INFO:Preloading libraries
2023-11-06 04:35:56,766:INFO:Copying training dataset
2023-11-06 04:35:56,766:INFO:Plot type: error
2023-11-06 04:35:56,972:INFO:Fitting Model
2023-11-06 04:35:56,973:WARNING:/home/deme/.local/lib/python3.10/site-packages/sklearn/base.py:439: UserWarning: X does not have valid feature names, but Ridge was fitted with feature names
  warnings.warn(

2023-11-06 04:35:56,973:INFO:Scoring test/hold-out set
2023-11-06 04:35:57,221:INFO:Visual Rendered Successfully
2023-11-06 04:35:57,357:INFO:plot_model() successfully completed......................................
2023-11-06 04:36:00,857:INFO:Initializing plot_model()
2023-11-06 04:36:00,858:INFO:plot_model(plot=cooks, fold=KFold(n_splits=10, random_state=None, shuffle=False), use_train_data=False, verbose=False, display=None, display_format=None, estimator=Ridge(alpha=9.57, random_state=6352), feature_name=None, fit_kwargs={}, groups=None, label=False, plot_kwargs=None, save=False, scale=1, self=<pycaret.regression.oop.RegressionExperiment object at 0x7fc5333e33d0>, system=True)
2023-11-06 04:36:00,858:INFO:Checking exceptions
2023-11-06 04:36:00,861:INFO:Preloading libraries
2023-11-06 04:36:00,861:INFO:Copying training dataset
2023-11-06 04:36:00,861:INFO:Plot type: cooks
2023-11-06 04:36:01,071:INFO:Fitting Model
2023-11-06 04:36:01,559:INFO:Visual Rendered Successfully
2023-11-06 04:36:01,752:INFO:plot_model() successfully completed......................................
2023-11-06 04:36:02,906:INFO:Initializing plot_model()
2023-11-06 04:36:02,907:INFO:plot_model(plot=rfe, fold=KFold(n_splits=10, random_state=None, shuffle=False), use_train_data=False, verbose=False, display=None, display_format=None, estimator=Ridge(alpha=9.57, random_state=6352), feature_name=None, fit_kwargs={}, groups=None, label=False, plot_kwargs=None, save=False, scale=1, self=<pycaret.regression.oop.RegressionExperiment object at 0x7fc5333e33d0>, system=True)
2023-11-06 04:36:02,907:INFO:Checking exceptions
2023-11-06 04:36:02,910:INFO:Preloading libraries
2023-11-06 04:36:02,911:INFO:Copying training dataset
2023-11-06 04:36:02,911:INFO:Plot type: rfe
2023-11-06 04:36:03,149:INFO:Fitting Model
2023-11-06 04:36:32,915:INFO:Visual Rendered Successfully
2023-11-06 04:36:33,067:INFO:plot_model() successfully completed......................................
2023-11-06 04:36:33,097:INFO:Initializing plot_model()
2023-11-06 04:36:33,097:INFO:plot_model(plot=feature_all, fold=KFold(n_splits=10, random_state=None, shuffle=False), use_train_data=False, verbose=False, display=None, display_format=None, estimator=Ridge(alpha=9.57, random_state=6352), feature_name=None, fit_kwargs={}, groups=None, label=False, plot_kwargs=None, save=False, scale=1, self=<pycaret.regression.oop.RegressionExperiment object at 0x7fc5333e33d0>, system=True)
2023-11-06 04:36:33,097:INFO:Checking exceptions
2023-11-06 04:36:33,101:INFO:Preloading libraries
2023-11-06 04:36:33,102:INFO:Copying training dataset
2023-11-06 04:36:33,102:INFO:Plot type: feature_all
2023-11-06 04:36:33,721:INFO:Visual Rendered Successfully
2023-11-06 04:36:33,839:INFO:plot_model() successfully completed......................................
2023-11-06 04:37:09,617:INFO:Initializing plot_model()
2023-11-06 04:37:09,617:INFO:plot_model(plot=tree, fold=KFold(n_splits=10, random_state=None, shuffle=False), use_train_data=False, verbose=False, display=None, display_format=None, estimator=Ridge(alpha=9.57, random_state=6352), feature_name=None, fit_kwargs={}, groups=None, label=False, plot_kwargs=None, save=False, scale=1, self=<pycaret.regression.oop.RegressionExperiment object at 0x7fc5333e33d0>, system=True)
2023-11-06 04:37:09,617:INFO:Checking exceptions
2023-11-06 04:37:14,947:INFO:Initializing plot_model()
2023-11-06 04:37:14,947:INFO:plot_model(plot=error, fold=KFold(n_splits=10, random_state=None, shuffle=False), use_train_data=False, verbose=False, display=None, display_format=None, estimator=Ridge(alpha=9.57, random_state=6352), feature_name=None, fit_kwargs={}, groups=None, label=False, plot_kwargs=None, save=False, scale=1, self=<pycaret.regression.oop.RegressionExperiment object at 0x7fc5333e33d0>, system=True)
2023-11-06 04:37:14,947:INFO:Checking exceptions
2023-11-06 04:37:14,950:INFO:Preloading libraries
2023-11-06 04:37:14,951:INFO:Copying training dataset
2023-11-06 04:37:14,951:INFO:Plot type: error
2023-11-06 04:37:15,172:INFO:Fitting Model
2023-11-06 04:37:15,173:WARNING:/home/deme/.local/lib/python3.10/site-packages/sklearn/base.py:439: UserWarning: X does not have valid feature names, but Ridge was fitted with feature names
  warnings.warn(

2023-11-06 04:37:15,173:INFO:Scoring test/hold-out set
2023-11-06 04:37:15,455:INFO:Visual Rendered Successfully
2023-11-06 04:37:15,615:INFO:plot_model() successfully completed......................................
2023-11-06 04:37:29,462:INFO:Initializing plot_model()
2023-11-06 04:37:29,463:INFO:plot_model(plot=pipeline, fold=KFold(n_splits=10, random_state=None, shuffle=False), use_train_data=False, verbose=False, display=None, display_format=None, estimator=Ridge(alpha=9.57, random_state=6352), feature_name=None, fit_kwargs={}, groups=None, label=False, plot_kwargs=None, save=False, scale=1, self=<pycaret.regression.oop.RegressionExperiment object at 0x7fc5333e33d0>, system=True)
2023-11-06 04:37:29,463:INFO:Checking exceptions
2023-11-06 04:37:29,467:INFO:Preloading libraries
2023-11-06 04:37:29,468:INFO:Copying training dataset
2023-11-06 04:37:29,468:INFO:Plot type: pipeline
2023-11-06 04:37:29,559:INFO:Visual Rendered Successfully
2023-11-06 04:37:29,699:INFO:plot_model() successfully completed......................................
2023-11-06 04:38:24,187:INFO:Initializing plot_model()
2023-11-06 04:38:24,188:INFO:plot_model(plot=residuals, fold=KFold(n_splits=10, random_state=None, shuffle=False), use_train_data=False, verbose=False, display=None, display_format=None, estimator=Ridge(alpha=9.57, random_state=6352), feature_name=None, fit_kwargs={}, groups=None, label=False, plot_kwargs=None, save=False, scale=1, self=<pycaret.regression.oop.RegressionExperiment object at 0x7fc5333e33d0>, system=True)
2023-11-06 04:38:24,188:INFO:Checking exceptions
2023-11-06 04:38:24,191:INFO:Preloading libraries
2023-11-06 04:38:24,191:INFO:Copying training dataset
2023-11-06 04:38:24,191:INFO:Plot type: residuals
2023-11-06 04:38:24,408:INFO:Fitting Model
2023-11-06 04:38:24,408:WARNING:/home/deme/.local/lib/python3.10/site-packages/sklearn/base.py:439: UserWarning: X does not have valid feature names, but Ridge was fitted with feature names
  warnings.warn(

2023-11-06 04:38:24,444:INFO:Scoring test/hold-out set
2023-11-06 04:38:24,877:INFO:Visual Rendered Successfully
2023-11-06 04:38:25,019:INFO:plot_model() successfully completed......................................
2023-11-06 04:38:51,449:INFO:Initializing plot_model()
2023-11-06 04:38:51,449:INFO:plot_model(plot=learning, fold=KFold(n_splits=10, random_state=None, shuffle=False), use_train_data=False, verbose=False, display=None, display_format=None, estimator=Ridge(alpha=9.57, random_state=6352), feature_name=None, fit_kwargs={}, groups=None, label=False, plot_kwargs=None, save=False, scale=1, self=<pycaret.regression.oop.RegressionExperiment object at 0x7fc5333e33d0>, system=True)
2023-11-06 04:38:51,449:INFO:Checking exceptions
2023-11-06 04:38:51,452:INFO:Preloading libraries
2023-11-06 04:38:51,452:INFO:Copying training dataset
2023-11-06 04:38:51,452:INFO:Plot type: learning
2023-11-06 04:38:51,668:INFO:Fitting Model
2023-11-06 04:38:53,921:INFO:Visual Rendered Successfully
2023-11-06 04:38:54,078:INFO:plot_model() successfully completed......................................
2023-11-06 04:39:10,896:INFO:Initializing plot_model()
2023-11-06 04:39:10,896:INFO:plot_model(plot=residuals, fold=KFold(n_splits=10, random_state=None, shuffle=False), use_train_data=False, verbose=False, display=None, display_format=None, estimator=Ridge(alpha=9.57, random_state=6352), feature_name=None, fit_kwargs={}, groups=None, label=False, plot_kwargs=None, save=False, scale=1, self=<pycaret.regression.oop.RegressionExperiment object at 0x7fc5333e33d0>, system=True)
2023-11-06 04:39:10,896:INFO:Checking exceptions
2023-11-06 04:39:10,900:INFO:Preloading libraries
2023-11-06 04:39:10,900:INFO:Copying training dataset
2023-11-06 04:39:10,900:INFO:Plot type: residuals
2023-11-06 04:39:11,150:INFO:Fitting Model
2023-11-06 04:39:11,150:WARNING:/home/deme/.local/lib/python3.10/site-packages/sklearn/base.py:439: UserWarning: X does not have valid feature names, but Ridge was fitted with feature names
  warnings.warn(

2023-11-06 04:39:11,182:INFO:Scoring test/hold-out set
2023-11-06 04:39:11,714:INFO:Visual Rendered Successfully
2023-11-06 04:39:11,847:INFO:plot_model() successfully completed......................................
2023-11-06 04:41:08,139:INFO:Initializing finalize_model()
2023-11-06 04:41:08,139:INFO:finalize_model(self=<pycaret.regression.oop.RegressionExperiment object at 0x7fc5333e33d0>, estimator=Ridge(alpha=9.57, random_state=6352), fit_kwargs=None, groups=None, model_only=False, experiment_custom_tags=None)
2023-11-06 04:41:08,140:INFO:Finalizing Ridge(alpha=9.57, random_state=6352)
2023-11-06 04:41:08,146:INFO:Initializing create_model()
2023-11-06 04:41:08,146:INFO:create_model(self=<pycaret.regression.oop.RegressionExperiment object at 0x7fc5333e33d0>, estimator=Ridge(alpha=9.57, random_state=6352), fold=None, round=4, cross_validation=False, predict=False, fit_kwargs={}, groups=None, refit=True, probability_threshold=None, experiment_custom_tags=None, verbose=False, system=False, add_to_model_list=False, metrics=None, display=None, model_only=False, return_train_score=False, kwargs={})
2023-11-06 04:41:08,146:INFO:Checking exceptions
2023-11-06 04:41:08,147:INFO:Importing libraries
2023-11-06 04:41:08,147:INFO:Copying training dataset
2023-11-06 04:41:08,148:INFO:Defining folds
2023-11-06 04:41:08,148:INFO:Declaring metric variables
2023-11-06 04:41:08,148:INFO:Importing untrained model
2023-11-06 04:41:08,148:INFO:Declaring custom model
2023-11-06 04:41:08,148:INFO:Ridge Regression Imported successfully
2023-11-06 04:41:08,149:INFO:Cross validation set to False
2023-11-06 04:41:08,149:INFO:Fitting Model
2023-11-06 04:41:08,316:INFO:Pipeline(memory=FastMemory(location=/tmp/joblib),
         steps=[('numerical_imputer',
                 TransformerWrapper(include=['accommodates', 'minimum_nights',
                                             'maximum_nights'],
                                    transformer=SimpleImputer())),
                ('categorical_imputer',
                 TransformerWrapper(include=['neighbourhood', 'property_type',
                                             'room_type'],
                                    transformer=SimpleImputer(strategy='most_frequent'))),
                ('onehot_encodi...
                 TransformerWrapper(include=['neighbourhood', 'room_type'],
                                    transformer=OneHotEncoder(cols=['neighbourhood',
                                                                    'room_type'],
                                                              handle_missing='return_nan',
                                                              use_cat_names=True))),
                ('rest_encoding',
                 TransformerWrapper(include=['property_type'],
                                    transformer=TargetEncoder(cols=['property_type'],
                                                              handle_missing='return_nan'))),
                ('actual_estimator', Ridge(alpha=9.57, random_state=6352))])
2023-11-06 04:41:08,316:INFO:create_model() successfully completed......................................
2023-11-06 04:41:08,468:INFO:_master_model_container: 22
2023-11-06 04:41:08,468:INFO:_display_container: 4
2023-11-06 04:41:08,474:INFO:Pipeline(memory=FastMemory(location=/tmp/joblib),
         steps=[('numerical_imputer',
                 TransformerWrapper(include=['accommodates', 'minimum_nights',
                                             'maximum_nights'],
                                    transformer=SimpleImputer())),
                ('categorical_imputer',
                 TransformerWrapper(include=['neighbourhood', 'property_type',
                                             'room_type'],
                                    transformer=SimpleImputer(strategy='most_frequent'))),
                ('onehot_encodi...
                 TransformerWrapper(include=['neighbourhood', 'room_type'],
                                    transformer=OneHotEncoder(cols=['neighbourhood',
                                                                    'room_type'],
                                                              handle_missing='return_nan',
                                                              use_cat_names=True))),
                ('rest_encoding',
                 TransformerWrapper(include=['property_type'],
                                    transformer=TargetEncoder(cols=['property_type'],
                                                              handle_missing='return_nan'))),
                ('actual_estimator', Ridge(alpha=9.57, random_state=6352))])
2023-11-06 04:41:08,474:INFO:finalize_model() successfully completed......................................
2023-11-06 04:41:42,000:INFO:Initializing save_model()
2023-11-06 04:41:42,000:INFO:save_model(model=Ridge(alpha=9.57, random_state=6352), model_name=ml_airbnb, prep_pipe_=Pipeline(memory=FastMemory(location=/tmp/joblib),
         steps=[('numerical_imputer',
                 TransformerWrapper(include=['accommodates', 'minimum_nights',
                                             'maximum_nights'],
                                    transformer=SimpleImputer())),
                ('categorical_imputer',
                 TransformerWrapper(include=['neighbourhood', 'property_type',
                                             'room_type'],
                                    transformer=SimpleImputer(strategy='most_frequent'))),
                ('onehot_encoding',
                 TransformerWrapper(include=['neighbourhood', 'room_type'],
                                    transformer=OneHotEncoder(cols=['neighbourhood',
                                                                    'room_type'],
                                                              handle_missing='return_nan',
                                                              use_cat_names=True))),
                ('rest_encoding',
                 TransformerWrapper(include=['property_type'],
                                    transformer=TargetEncoder(cols=['property_type'],
                                                              handle_missing='return_nan')))]), verbose=True, use_case=MLUsecase.REGRESSION, kwargs={})
2023-11-06 04:41:42,000:INFO:Adding model into prep_pipe
2023-11-06 04:41:42,010:INFO:ml_airbnb.pkl saved in current working directory
2023-11-06 04:41:42,019:INFO:Pipeline(memory=FastMemory(location=/tmp/joblib),
         steps=[('numerical_imputer',
                 TransformerWrapper(include=['accommodates', 'minimum_nights',
                                             'maximum_nights'],
                                    transformer=SimpleImputer())),
                ('categorical_imputer',
                 TransformerWrapper(include=['neighbourhood', 'property_type',
                                             'room_type'],
                                    transformer=SimpleImputer(strategy='most_frequent'))),
                ('onehot_encodi...
                 TransformerWrapper(include=['neighbourhood', 'room_type'],
                                    transformer=OneHotEncoder(cols=['neighbourhood',
                                                                    'room_type'],
                                                              handle_missing='return_nan',
                                                              use_cat_names=True))),
                ('rest_encoding',
                 TransformerWrapper(include=['property_type'],
                                    transformer=TargetEncoder(cols=['property_type'],
                                                              handle_missing='return_nan'))),
                ('trained_model', Ridge(alpha=9.57, random_state=6352))])
2023-11-06 04:41:42,019:INFO:save_model() successfully completed......................................
2023-11-06 04:48:12,721:INFO:Initializing plot_model()
2023-11-06 04:48:12,721:INFO:plot_model(plot=pipeline, fold=KFold(n_splits=10, random_state=None, shuffle=False), use_train_data=False, verbose=False, display=None, display_format=None, estimator=Ridge(alpha=9.57, random_state=6352), feature_name=None, fit_kwargs={}, groups=None, label=False, plot_kwargs=None, save=False, scale=1, self=<pycaret.regression.oop.RegressionExperiment object at 0x7fc5333e33d0>, system=True)
2023-11-06 04:48:12,722:INFO:Checking exceptions
2023-11-06 04:48:12,724:INFO:Preloading libraries
2023-11-06 04:48:12,725:INFO:Copying training dataset
2023-11-06 04:48:12,725:INFO:Plot type: pipeline
2023-11-06 04:48:12,817:INFO:Visual Rendered Successfully
2023-11-06 04:48:12,954:INFO:plot_model() successfully completed......................................
2023-11-06 04:55:04,790:WARNING:
'cuml' is a soft dependency and not included in the pycaret installation. Please run: `pip install cuml` to install.
2023-11-06 04:55:04,790:WARNING:
'cuml' is a soft dependency and not included in the pycaret installation. Please run: `pip install cuml` to install.
2023-11-06 04:55:04,791:WARNING:
'cuml' is a soft dependency and not included in the pycaret installation. Please run: `pip install cuml` to install.
2023-11-06 04:55:04,791:WARNING:
'cuml' is a soft dependency and not included in the pycaret installation. Please run: `pip install cuml` to install.
2023-11-06 04:55:05,379:WARNING:
'prophet' is a soft dependency and not included in the pycaret installation. Please run: `pip install prophet` to install.
2023-11-06 04:55:05,519:INFO:Initializing load_model()
2023-11-06 04:55:05,519:INFO:load_model(model_name=ml_airbnb, platform=None, authentication=None, verbose=True)
2023-11-06 05:04:42,163:INFO:Initializing load_model()
2023-11-06 05:04:42,163:INFO:load_model(model_name=ml_airbnb, platform=None, authentication=None, verbose=True)
2023-11-06 05:04:55,853:INFO:Initializing load_model()
2023-11-06 05:04:55,853:INFO:load_model(model_name=ml_airbnb, platform=None, authentication=None, verbose=True)
2023-11-06 05:05:05,021:INFO:Initializing load_model()
2023-11-06 05:05:05,021:INFO:load_model(model_name=ml_airbnb, platform=None, authentication=None, verbose=True)
2023-11-06 05:05:17,239:INFO:Initializing load_model()
2023-11-06 05:05:17,239:INFO:load_model(model_name=ml_airbnb, platform=None, authentication=None, verbose=True)
2023-11-06 05:05:17,904:INFO:Initializing load_model()
2023-11-06 05:05:17,904:INFO:load_model(model_name=ml_airbnb, platform=None, authentication=None, verbose=True)
2023-11-06 05:05:18,272:INFO:Initializing load_model()
2023-11-06 05:05:18,273:INFO:load_model(model_name=ml_airbnb, platform=None, authentication=None, verbose=True)
2023-11-06 05:05:18,920:INFO:Initializing load_model()
2023-11-06 05:05:18,920:INFO:load_model(model_name=ml_airbnb, platform=None, authentication=None, verbose=True)
2023-11-06 05:05:27,171:INFO:Initializing load_model()
2023-11-06 05:05:27,171:INFO:load_model(model_name=ml_airbnb, platform=None, authentication=None, verbose=True)
2023-11-06 05:05:29,471:INFO:Initializing load_model()
2023-11-06 05:05:29,472:INFO:load_model(model_name=ml_airbnb, platform=None, authentication=None, verbose=True)
2023-11-06 05:05:31,460:INFO:Initializing load_model()
2023-11-06 05:05:31,461:INFO:load_model(model_name=ml_airbnb, platform=None, authentication=None, verbose=True)
2023-11-06 05:05:39,920:INFO:Initializing load_model()
2023-11-06 05:05:39,920:INFO:load_model(model_name=ml_airbnb, platform=None, authentication=None, verbose=True)
2023-11-06 05:05:39,934:INFO:Initializing predict_model()
2023-11-06 05:05:39,934:INFO:predict_model(self=<pycaret.regression.oop.RegressionExperiment object at 0x7f4d732ea7d0>, estimator=Pipeline(memory=FastMemory(location=/tmp/joblib),
         steps=[('numerical_imputer',
                 TransformerWrapper(include=['accommodates', 'minimum_nights',
                                             'maximum_nights'],
                                    transformer=SimpleImputer())),
                ('categorical_imputer',
                 TransformerWrapper(include=['neighbourhood', 'property_type',
                                             'room_type'],
                                    transformer=SimpleImputer(strategy='most_frequent'))),
                ('onehot_encodi...
                 TransformerWrapper(include=['neighbourhood', 'room_type'],
                                    transformer=OneHotEncoder(cols=['neighbourhood',
                                                                    'room_type'],
                                                              handle_missing='return_nan',
                                                              use_cat_names=True))),
                ('rest_encoding',
                 TransformerWrapper(include=['property_type'],
                                    transformer=TargetEncoder(cols=['property_type'],
                                                              handle_missing='return_nan'))),
                ('trained_model', Ridge(alpha=9.57, random_state=6352))]), probability_threshold=None, encoded_labels=False, raw_score=False, round=4, verbose=True, ml_usecase=None, preprocess=True, encode_labels=<function _SupervisedExperiment.predict_model.<locals>.encode_labels at 0x7f4d732cd6c0>)
2023-11-06 05:05:39,935:INFO:Checking exceptions
2023-11-06 05:05:39,935:INFO:Preloading libraries
2023-11-06 05:05:39,935:INFO:Set up data.
2023-11-06 05:05:39,938:INFO:Set up index.
